# JRE version: OpenJDK Runtime Environment (11.0.11+9) (build 11.0.11+9-b60-7590822)
# Java VM: OpenJDK 64-Bit Server VM (11.0.11+9-b60-7590822, mixed mode, tiered, compressed oops, g1 gc, windows-amd64)
Heap:
 garbage-first heap   total 199680K, used 131814K [0x00000000a0000000, 0x0000000100000000)
  region size 1024K, 31 young (31744K), 7 survivors (7168K)
 Metaspace       used 100930K, capacity 103837K, committed 104112K, reserved 1140736K
  class space    used 12780K, capacity 13798K, committed 13824K, reserved 1048576K
GC Heap History (20 events):
Event: 29.175 GC heap before
{Heap before GC invocations=49 (full 0):
 garbage-first heap   total 165888K, used 117683K [0x00000000a0000000, 0x0000000100000000)
  region size 1024K, 8 young (8192K), 2 survivors (2048K)
 Metaspace       used 84450K, capacity 86557K, committed 86832K, reserved 1124352K
  class space    used 10640K, capacity 11345K, committed 11392K, reserved 1048576K
}
Event: 29.180 GC heap after
{Heap after GC invocations=50 (full 0):
 garbage-first heap   total 165888K, used 110187K [0x00000000a0000000, 0x0000000100000000)
  region size 1024K, 1 young (1024K), 1 survivors (1024K)
 Metaspace       used 84450K, capacity 86557K, committed 86832K, reserved 1124352K
  class space    used 10640K, capacity 11345K, committed 11392K, reserved 1048576K
}
Event: 32.250 GC heap before
{Heap before GC invocations=50 (full 0):
 garbage-first heap   total 165888K, used 125547K [0x00000000a0000000, 0x0000000100000000)
  region size 1024K, 17 young (17408K), 1 survivors (1024K)
 Metaspace       used 84570K, capacity 86641K, committed 86832K, reserved 1124352K
  class space    used 10649K, capacity 11351K, committed 11392K, reserved 1048576K
}
Event: 32.255 GC heap after
{Heap after GC invocations=51 (full 0):
 garbage-first heap   total 165888K, used 110766K [0x00000000a0000000, 0x0000000100000000)
  region size 1024K, 2 young (2048K), 2 survivors (2048K)
 Metaspace       used 84570K, capacity 86641K, committed 86832K, reserved 1124352K
  class space    used 10649K, capacity 11351K, committed 11392K, reserved 1048576K
}
Event: 32.559 GC heap before
{Heap before GC invocations=51 (full 0):
 garbage-first heap   total 165888K, used 127150K [0x00000000a0000000, 0x0000000100000000)
  region size 1024K, 19 young (19456K), 2 survivors (2048K)
 Metaspace       used 84724K, capacity 86871K, committed 87088K, reserved 1124352K
  class space    used 10649K, capacity 11351K, committed 11392K, reserved 1048576K
}
Event: 32.564 GC heap after
{Heap after GC invocations=52 (full 0):
 garbage-first heap   total 165888K, used 111493K [0x00000000a0000000, 0x0000000100000000)
  region size 1024K, 2 young (2048K), 2 survivors (2048K)
 Metaspace       used 84724K, capacity 86871K, committed 87088K, reserved 1124352K
  class space    used 10649K, capacity 11351K, committed 11392K, reserved 1048576K
}
Event: 32.836 GC heap before
{Heap before GC invocations=52 (full 0):
 garbage-first heap   total 165888K, used 129925K [0x00000000a0000000, 0x0000000100000000)
  region size 1024K, 21 young (21504K), 2 survivors (2048K)
 Metaspace       used 85126K, capacity 87323K, committed 87472K, reserved 1126400K
  class space    used 10707K, capacity 11450K, committed 11520K, reserved 1048576K
}
Event: 32.842 GC heap after
{Heap after GC invocations=53 (full 0):
 garbage-first heap   total 165888K, used 112464K [0x00000000a0000000, 0x0000000100000000)
  region size 1024K, 3 young (3072K), 3 survivors (3072K)
 Metaspace       used 85126K, capacity 87323K, committed 87472K, reserved 1126400K
  class space    used 10707K, capacity 11450K, committed 11520K, reserved 1048576K
}
Event: 33.360 GC heap before
{Heap before GC invocations=54 (full 0):
 garbage-first heap   total 165888K, used 129872K [0x00000000a0000000, 0x0000000100000000)
  region size 1024K, 23 young (23552K), 3 survivors (3072K)
 Metaspace       used 88677K, capacity 91002K, committed 91184K, reserved 1128448K
  class space    used 11260K, capacity 12063K, committed 12160K, reserved 1048576K
}
Event: 33.367 GC heap after
{Heap after GC invocations=55 (full 0):
 garbage-first heap   total 165888K, used 112440K [0x00000000a0000000, 0x0000000100000000)
  region size 1024K, 3 young (3072K), 3 survivors (3072K)
 Metaspace       used 88677K, capacity 91002K, committed 91184K, reserved 1128448K
  class space    used 11260K, capacity 12063K, committed 12160K, reserved 1048576K
}
Event: 33.501 GC heap before
{Heap before GC invocations=55 (full 0):
 garbage-first heap   total 165888K, used 116536K [0x00000000a0000000, 0x0000000100000000)
  region size 1024K, 8 young (8192K), 3 survivors (3072K)
 Metaspace       used 89814K, capacity 92256K, committed 92336K, reserved 1130496K
  class space    used 11452K, capacity 12275K, committed 12288K, reserved 1048576K
}
Event: 33.512 GC heap after
{Heap after GC invocations=56 (full 0):
 garbage-first heap   total 165888K, used 100563K [0x00000000a0000000, 0x0000000100000000)
  region size 1024K, 1 young (1024K), 1 survivors (1024K)
 Metaspace       used 89814K, capacity 92256K, committed 92336K, reserved 1130496K
  class space    used 11452K, capacity 12275K, committed 12288K, reserved 1048576K
}
Event: 33.894 GC heap before
{Heap before GC invocations=56 (full 0):
 garbage-first heap   total 165888K, used 127187K [0x00000000a0000000, 0x0000000100000000)
  region size 1024K, 28 young (28672K), 1 survivors (1024K)
 Metaspace       used 91857K, capacity 94406K, committed 94512K, reserved 1130496K
  class space    used 11738K, capacity 12645K, committed 12672K, reserved 1048576K
}
Event: 33.900 GC heap after
{Heap after GC invocations=57 (full 0):
 garbage-first heap   total 199680K, used 101013K [0x00000000a0000000, 0x0000000100000000)
  region size 1024K, 1 young (1024K), 1 survivors (1024K)
 Metaspace       used 91857K, capacity 94406K, committed 94512K, reserved 1130496K
  class space    used 11738K, capacity 12645K, committed 12672K, reserved 1048576K
}
Event: 35.414 GC heap before
{Heap before GC invocations=57 (full 0):
 garbage-first heap   total 199680K, used 149141K [0x00000000a0000000, 0x0000000100000000)
  region size 1024K, 48 young (49152K), 1 survivors (1024K)
 Metaspace       used 93319K, capacity 95879K, committed 96048K, reserved 1132544K
  class space    used 11965K, capacity 12863K, committed 12928K, reserved 1048576K
}
Event: 35.418 GC heap after
{Heap after GC invocations=58 (full 0):
 garbage-first heap   total 199680K, used 101777K [0x00000000a0000000, 0x0000000100000000)
  region size 1024K, 2 young (2048K), 2 survivors (2048K)
 Metaspace       used 93319K, capacity 95879K, committed 96048K, reserved 1132544K
  class space    used 11965K, capacity 12863K, committed 12928K, reserved 1048576K
}
Event: 36.484 GC heap before
{Heap before GC invocations=58 (full 0):
 garbage-first heap   total 199680K, used 154001K [0x00000000a0000000, 0x0000000100000000)
  region size 1024K, 52 young (53248K), 2 survivors (2048K)
 Metaspace       used 96334K, capacity 99076K, committed 99376K, reserved 1134592K
  class space    used 12432K, capacity 13379K, committed 13440K, reserved 1048576K
}
Event: 36.489 GC heap after
{Heap after GC invocations=59 (full 0):
 garbage-first heap   total 199680K, used 103569K [0x00000000a0000000, 0x0000000100000000)
  region size 1024K, 4 young (4096K), 4 survivors (4096K)
 Metaspace       used 96334K, capacity 99076K, committed 99376K, reserved 1134592K
  class space    used 12432K, capacity 13379K, committed 13440K, reserved 1048576K
}
Event: 161.967 GC heap before
{Heap before GC invocations=59 (full 0):
 garbage-first heap   total 199680K, used 154769K [0x00000000a0000000, 0x0000000100000000)
  region size 1024K, 55 young (56320K), 4 survivors (4096K)
 Metaspace       used 100897K, capacity 103831K, committed 104112K, reserved 1140736K
  class space    used 12779K, capacity 13797K, committed 13824K, reserved 1048576K
}
Event: 162.032 GC heap after
{Heap after GC invocations=60 (full 0):
 garbage-first heap   total 199680K, used 108263K [0x00000000a0000000, 0x0000000100000000)
  region size 1024K, 7 young (7168K), 7 survivors (7168K)
 Metaspace       used 100897K, capacity 103831K, committed 104112K, reserved 1140736K
  class space    used 12779K, capacity 13797K, committed 13824K, reserved 1048576K
}

