# JRE version: OpenJDK Runtime Environment (8.0_202-b03) (build 1.8.0_202-release-1483-b03)
# Java VM: OpenJDK 64-Bit Server VM (25.202-b03 mixed mode windows-amd64 compressed oops)
Heap:
 PSYoungGen      total 201216K, used 23650K [0x00000000e0000000, 0x00000000eff80000, 0x0000000100000000)
  eden space 184832K, 6% used [0x00000000e0000000,0x00000000e0b984b8,0x00000000eb480000)
  from space 16384K, 71% used [0x00000000eb480000,0x00000000ec000418,0x00000000ec480000)
  to   space 16896K, 0% used [0x00000000eef00000,0x00000000eef00000,0x00000000eff80000)
 ParOldGen       total 113152K, used 35213K [0x00000000a0000000, 0x00000000a6e80000, 0x00000000e0000000)
  object space 113152K, 31% used [0x00000000a0000000,0x00000000a2263540,0x00000000a6e80000)
 Metaspace       used 62212K, capacity 64478K, committed 64768K, reserved 1105920K
  class space    used 8427K, capacity 8932K, committed 8960K, reserved 1048576K
GC Heap History (10 events):
Event: 8.859 GC heap before
{Heap before GC invocations=12 (full 2):
 PSYoungGen      total 152576K, used 5459K [0x00000000e0000000, 0x00000000eb000000, 0x0000000100000000)
  eden space 140800K, 0% used [0x00000000e0000000,0x00000000e0000000,0x00000000e8980000)
  from space 11776K, 46% used [0x00000000e9480000,0x00000000e99d4df0,0x00000000ea000000)
  to   space 11264K, 0% used [0x00000000e8980000,0x00000000e8980000,0x00000000e9480000)
 ParOldGen       total 48128K, used 11875K [0x00000000a0000000, 0x00000000a2f00000, 0x00000000e0000000)
  object space 48128K, 24% used [0x00000000a0000000,0x00000000a0b98d58,0x00000000a2f00000)
 Metaspace       used 34573K, capacity 35378K, committed 35456K, reserved 1079296K
  class space    used 4770K, capacity 4966K, committed 4992K, reserved 1048576K
Event: 8.926 GC heap after
Heap after GC invocations=12 (full 2):
 PSYoungGen      total 152576K, used 0K [0x00000000e0000000, 0x00000000eb000000, 0x0000000100000000)
  eden space 140800K, 0% used [0x00000000e0000000,0x00000000e0000000,0x00000000e8980000)
  from space 11776K, 0% used [0x00000000e9480000,0x00000000e9480000,0x00000000ea000000)
  to   space 11264K, 0% used [0x00000000e8980000,0x00000000e8980000,0x00000000e9480000)
 ParOldGen       total 71680K, used 15678K [0x00000000a0000000, 0x00000000a4600000, 0x00000000e0000000)
  object space 71680K, 21% used [0x00000000a0000000,0x00000000a0f4fa30,0x00000000a4600000)
 Metaspace       used 34543K, capacity 35276K, committed 35456K, reserved 1079296K
  class space    used 4761K, capacity 4949K, committed 4992K, reserved 1048576K
}
Event: 11.782 GC heap before
{Heap before GC invocations=13 (full 2):
 PSYoungGen      total 152576K, used 140800K [0x00000000e0000000, 0x00000000eb000000, 0x0000000100000000)
  eden space 140800K, 100% used [0x00000000e0000000,0x00000000e8980000,0x00000000e8980000)
  from space 11776K, 0% used [0x00000000e9480000,0x00000000e9480000,0x00000000ea000000)
  to   space 11264K, 0% used [0x00000000e8980000,0x00000000e8980000,0x00000000e9480000)
 ParOldGen       total 71680K, used 15678K [0x00000000a0000000, 0x00000000a4600000, 0x00000000e0000000)
  object space 71680K, 21% used [0x00000000a0000000,0x00000000a0f4fa30,0x00000000a4600000)
 Metaspace       used 48458K, capacity 49750K, committed 49920K, reserved 1091584K
  class space    used 6543K, capacity 6862K, committed 6912K, reserved 1048576K
Event: 11.809 GC heap after
Heap after GC invocations=13 (full 2):
 PSYoungGen      total 152064K, used 11247K [0x00000000e0000000, 0x00000000ed380000, 0x0000000100000000)
  eden space 140800K, 0% used [0x00000000e0000000,0x00000000e0000000,0x00000000e8980000)
  from space 11264K, 99% used [0x00000000e8980000,0x00000000e947bf88,0x00000000e9480000)
  to   space 15360K, 0% used [0x00000000ec480000,0x00000000ec480000,0x00000000ed380000)
 ParOldGen       total 71680K, used 22715K [0x00000000a0000000, 0x00000000a4600000, 0x00000000e0000000)
  object space 71680K, 31% used [0x00000000a0000000,0x00000000a162ee28,0x00000000a4600000)
 Metaspace       used 48458K, capacity 49750K, committed 49920K, reserved 1091584K
  class space    used 6543K, capacity 6862K, committed 6912K, reserved 1048576K
}
Event: 13.983 GC heap before
{Heap before GC invocations=14 (full 2):
 PSYoungGen      total 152064K, used 130594K [0x00000000e0000000, 0x00000000ed380000, 0x0000000100000000)
  eden space 140800K, 84% used [0x00000000e0000000,0x00000000e748c898,0x00000000e8980000)
  from space 11264K, 99% used [0x00000000e8980000,0x00000000e947bf88,0x00000000e9480000)
  to   space 15360K, 0% used [0x00000000ec480000,0x00000000ec480000,0x00000000ed380000)
 ParOldGen       total 71680K, used 22715K [0x00000000a0000000, 0x00000000a4600000, 0x00000000e0000000)
  object space 71680K, 31% used [0x00000000a0000000,0x00000000a162ee28,0x00000000a4600000)
 Metaspace       used 57408K, capacity 58992K, committed 59096K, reserved 1099776K
  class space    used 7797K, capacity 8229K, committed 8320K, reserved 1048576K
Event: 14.024 GC heap after
Heap after GC invocations=14 (full 2):
 PSYoungGen      total 200192K, used 12426K [0x00000000e0000000, 0x00000000ed600000, 0x0000000100000000)
  eden space 184832K, 0% used [0x00000000e0000000,0x00000000e0000000,0x00000000eb480000)
  from space 15360K, 80% used [0x00000000ec480000,0x00000000ed0a2b10,0x00000000ed380000)
  to   space 16384K, 0% used [0x00000000eb480000,0x00000000eb480000,0x00000000ec480000)
 ParOldGen       total 71680K, used 31525K [0x00000000a0000000, 0x00000000a4600000, 0x00000000e0000000)
  object space 71680K, 43% used [0x00000000a0000000,0x00000000a1ec94a0,0x00000000a4600000)
 Metaspace       used 57408K, capacity 58992K, committed 59096K, reserved 1099776K
  class space    used 7797K, capacity 8229K, committed 8320K, reserved 1048576K
}
Event: 14.024 GC heap before
{Heap before GC invocations=15 (full 3):
 PSYoungGen      total 200192K, used 12426K [0x00000000e0000000, 0x00000000ed600000, 0x0000000100000000)
  eden space 184832K, 0% used [0x00000000e0000000,0x00000000e0000000,0x00000000eb480000)
  from space 15360K, 80% used [0x00000000ec480000,0x00000000ed0a2b10,0x00000000ed380000)
  to   space 16384K, 0% used [0x00000000eb480000,0x00000000eb480000,0x00000000ec480000)
 ParOldGen       total 71680K, used 31525K [0x00000000a0000000, 0x00000000a4600000, 0x00000000e0000000)
  object space 71680K, 43% used [0x00000000a0000000,0x00000000a1ec94a0,0x00000000a4600000)
 Metaspace       used 57408K, capacity 58992K, committed 59096K, reserved 1099776K
  class space    used 7797K, capacity 8229K, committed 8320K, reserved 1048576K
Event: 14.268 GC heap after
Heap after GC invocations=15 (full 3):
 PSYoungGen      total 200192K, used 0K [0x00000000e0000000, 0x00000000ed600000, 0x0000000100000000)
  eden space 184832K, 0% used [0x00000000e0000000,0x00000000e0000000,0x00000000eb480000)
  from space 15360K, 0% used [0x00000000ec480000,0x00000000ec480000,0x00000000ed380000)
  to   space 16384K, 0% used [0x00000000eb480000,0x00000000eb480000,0x00000000ec480000)
 ParOldGen       total 113152K, used 35205K [0x00000000a0000000, 0x00000000a6e80000, 0x00000000e0000000)
  object space 113152K, 31% used [0x00000000a0000000,0x00000000a2261540,0x00000000a6e80000)
 Metaspace       used 57408K, capacity 58992K, committed 59096K, reserved 1099776K
  class space    used 7797K, capacity 8229K, committed 8320K, reserved 1048576K
}
Event: 18.103 GC heap before
{Heap before GC invocations=16 (full 3):
 PSYoungGen      total 200192K, used 184832K [0x00000000e0000000, 0x00000000ed600000, 0x0000000100000000)
  eden space 184832K, 100% used [0x00000000e0000000,0x00000000eb480000,0x00000000eb480000)
  from space 15360K, 0% used [0x00000000ec480000,0x00000000ec480000,0x00000000ed380000)
  to   space 16384K, 0% used [0x00000000eb480000,0x00000000eb480000,0x00000000ec480000)
 ParOldGen       total 113152K, used 35205K [0x00000000a0000000, 0x00000000a6e80000, 0x00000000e0000000)
  object space 113152K, 31% used [0x00000000a0000000,0x00000000a2261540,0x00000000a6e80000)
 Metaspace       used 62116K, capacity 64374K, committed 64512K, reserved 1105920K
  class space    used 8415K, capacity 8924K, committed 8960K, reserved 1048576K
Event: 18.156 GC heap after
Heap after GC invocations=16 (full 3):
 PSYoungGen      total 201216K, used 11777K [0x00000000e0000000, 0x00000000eff80000, 0x0000000100000000)
  eden space 184832K, 0% used [0x00000000e0000000,0x00000000e0000000,0x00000000eb480000)
  from space 16384K, 71% used [0x00000000eb480000,0x00000000ec000418,0x00000000ec480000)
  to   space 16896K, 0% used [0x00000000eef00000,0x00000000eef00000,0x00000000eff80000)
 ParOldGen       total 113152K, used 35213K [0x00000000a0000000, 0x00000000a6e80000, 0x00000000e0000000)
  object space 113152K, 31% used [0x00000000a0000000,0x00000000a2263540,0x00000000a6e80000)
 Metaspace       used 62116K, capacity 64374K, committed 64512K, reserved 1105920K
  class space    used 8415K, capacity 8924K, committed 8960K, reserved 1048576K
}

