# JRE version: OpenJDK Runtime Environment (8.0_202-b03) (build 1.8.0_202-release-1483-b03)
# Java VM: OpenJDK 64-Bit Server VM (25.202-b03 mixed mode windows-amd64 compressed oops)
Heap:
 PSYoungGen      total 215040K, used 63110K [0x00000000e0000000, 0x00000000f1180000, 0x0000000100000000)
  eden space 198656K, 23% used [0x00000000e0000000,0x00000000e2da6fc0,0x00000000ec200000)
  from space 16384K, 99% used [0x00000000ec200000,0x00000000ed1fa868,0x00000000ed200000)
  to   space 19968K, 0% used [0x00000000efe00000,0x00000000efe00000,0x00000000f1180000)
 ParOldGen       total 67584K, used 39301K [0x00000000a0000000, 0x00000000a4200000, 0x00000000e0000000)
  object space 67584K, 58% used [0x00000000a0000000,0x00000000a2661520,0x00000000a4200000)
 Metaspace       used 61735K, capacity 63692K, committed 63832K, reserved 1103872K
  class space    used 8286K, capacity 8705K, committed 8832K, reserved 1048576K
GC Heap History (10 events):
Event: 7.493 GC heap before
{Heap before GC invocations=12 (full 2):
 PSYoungGen      total 161280K, used 6086K [0x00000000e0000000, 0x00000000eb480000, 0x0000000100000000)
  eden space 149504K, 0% used [0x00000000e0000000,0x00000000e0000000,0x00000000e9200000)
  from space 11776K, 51% used [0x00000000e9d80000,0x00000000ea3718f8,0x00000000ea900000)
  to   space 11776K, 0% used [0x00000000e9200000,0x00000000e9200000,0x00000000e9d80000)
 ParOldGen       total 46080K, used 11382K [0x00000000a0000000, 0x00000000a2d00000, 0x00000000e0000000)
  object space 46080K, 24% used [0x00000000a0000000,0x00000000a0b1d888,0x00000000a2d00000)
 Metaspace       used 34546K, capacity 35294K, committed 35416K, reserved 1079296K
  class space    used 4751K, capacity 4954K, committed 4992K, reserved 1048576K
Event: 7.562 GC heap after
Heap after GC invocations=12 (full 2):
 PSYoungGen      total 161280K, used 0K [0x00000000e0000000, 0x00000000eb480000, 0x0000000100000000)
  eden space 149504K, 0% used [0x00000000e0000000,0x00000000e0000000,0x00000000e9200000)
  from space 11776K, 0% used [0x00000000e9d80000,0x00000000e9d80000,0x00000000ea900000)
  to   space 11776K, 0% used [0x00000000e9200000,0x00000000e9200000,0x00000000e9d80000)
 ParOldGen       total 67584K, used 15931K [0x00000000a0000000, 0x00000000a4200000, 0x00000000e0000000)
  object space 67584K, 23% used [0x00000000a0000000,0x00000000a0f8ee48,0x00000000a4200000)
 Metaspace       used 34515K, capacity 35192K, committed 35416K, reserved 1079296K
  class space    used 4742K, capacity 4937K, committed 4992K, reserved 1048576K
}
Event: 9.989 GC heap before
{Heap before GC invocations=13 (full 2):
 PSYoungGen      total 161280K, used 149504K [0x00000000e0000000, 0x00000000eb480000, 0x0000000100000000)
  eden space 149504K, 100% used [0x00000000e0000000,0x00000000e9200000,0x00000000e9200000)
  from space 11776K, 0% used [0x00000000e9d80000,0x00000000e9d80000,0x00000000ea900000)
  to   space 11776K, 0% used [0x00000000e9200000,0x00000000e9200000,0x00000000e9d80000)
 ParOldGen       total 67584K, used 15931K [0x00000000a0000000, 0x00000000a4200000, 0x00000000e0000000)
  object space 67584K, 23% used [0x00000000a0000000,0x00000000a0f8ee48,0x00000000a4200000)
 Metaspace       used 48973K, capacity 50254K, committed 50520K, reserved 1093632K
  class space    used 6602K, capacity 6918K, committed 7040K, reserved 1048576K
Event: 10.008 GC heap after
Heap after GC invocations=13 (full 2):
 PSYoungGen      total 161280K, used 11752K [0x00000000e0000000, 0x00000000ee280000, 0x0000000100000000)
  eden space 149504K, 0% used [0x00000000e0000000,0x00000000e0000000,0x00000000e9200000)
  from space 11776K, 99% used [0x00000000e9200000,0x00000000e9d7a038,0x00000000e9d80000)
  to   space 15872K, 0% used [0x00000000ed300000,0x00000000ed300000,0x00000000ee280000)
 ParOldGen       total 67584K, used 23172K [0x00000000a0000000, 0x00000000a4200000, 0x00000000e0000000)
  object space 67584K, 34% used [0x00000000a0000000,0x00000000a16a1108,0x00000000a4200000)
 Metaspace       used 48973K, capacity 50254K, committed 50520K, reserved 1093632K
  class space    used 6602K, capacity 6918K, committed 7040K, reserved 1048576K
}
Event: 12.043 GC heap before
{Heap before GC invocations=14 (full 2):
 PSYoungGen      total 161280K, used 122244K [0x00000000e0000000, 0x00000000ee280000, 0x0000000100000000)
  eden space 149504K, 73% used [0x00000000e0000000,0x00000000e6be72a0,0x00000000e9200000)
  from space 11776K, 99% used [0x00000000e9200000,0x00000000e9d7a038,0x00000000e9d80000)
  to   space 15872K, 0% used [0x00000000ed300000,0x00000000ed300000,0x00000000ee280000)
 ParOldGen       total 67584K, used 23172K [0x00000000a0000000, 0x00000000a4200000, 0x00000000e0000000)
  object space 67584K, 34% used [0x00000000a0000000,0x00000000a16a1108,0x00000000a4200000)
 Metaspace       used 57376K, capacity 58964K, committed 59028K, reserved 1099776K
  class space    used 7770K, capacity 8135K, committed 8192K, reserved 1048576K
Event: 12.075 GC heap after
Heap after GC invocations=14 (full 2):
 PSYoungGen      total 214016K, used 12098K [0x00000000e0000000, 0x00000000ee200000, 0x0000000100000000)
  eden space 198656K, 0% used [0x00000000e0000000,0x00000000e0000000,0x00000000ec200000)
  from space 15360K, 78% used [0x00000000ed300000,0x00000000eded0998,0x00000000ee200000)
  to   space 16384K, 0% used [0x00000000ec200000,0x00000000ec200000,0x00000000ed200000)
 ParOldGen       total 67584K, used 31860K [0x00000000a0000000, 0x00000000a4200000, 0x00000000e0000000)
  object space 67584K, 47% used [0x00000000a0000000,0x00000000a1f1d0e8,0x00000000a4200000)
 Metaspace       used 57376K, capacity 58964K, committed 59028K, reserved 1099776K
  class space    used 7770K, capacity 8135K, committed 8192K, reserved 1048576K
}
Event: 12.075 GC heap before
{Heap before GC invocations=15 (full 3):
 PSYoungGen      total 214016K, used 12098K [0x00000000e0000000, 0x00000000ee200000, 0x0000000100000000)
  eden space 198656K, 0% used [0x00000000e0000000,0x00000000e0000000,0x00000000ec200000)
  from space 15360K, 78% used [0x00000000ed300000,0x00000000eded0998,0x00000000ee200000)
  to   space 16384K, 0% used [0x00000000ec200000,0x00000000ec200000,0x00000000ed200000)
 ParOldGen       total 67584K, used 31860K [0x00000000a0000000, 0x00000000a4200000, 0x00000000e0000000)
  object space 67584K, 47% used [0x00000000a0000000,0x00000000a1f1d0e8,0x00000000a4200000)
 Metaspace       used 57376K, capacity 58964K, committed 59028K, reserved 1099776K
  class space    used 7770K, capacity 8135K, committed 8192K, reserved 1048576K
Event: 12.340 GC heap after
Heap after GC invocations=15 (full 3):
 PSYoungGen      total 214016K, used 0K [0x00000000e0000000, 0x00000000ee200000, 0x0000000100000000)
  eden space 198656K, 0% used [0x00000000e0000000,0x00000000e0000000,0x00000000ec200000)
  from space 15360K, 0% used [0x00000000ed300000,0x00000000ed300000,0x00000000ee200000)
  to   space 16384K, 0% used [0x00000000ec200000,0x00000000ec200000,0x00000000ed200000)
 ParOldGen       total 67584K, used 34941K [0x00000000a0000000, 0x00000000a4200000, 0x00000000e0000000)
  object space 67584K, 51% used [0x00000000a0000000,0x00000000a221f718,0x00000000a4200000)
 Metaspace       used 57376K, capacity 58964K, committed 59028K, reserved 1099776K
  class space    used 7770K, capacity 8135K, committed 8192K, reserved 1048576K
}
Event: 18.521 GC heap before
{Heap before GC invocations=16 (full 3):
 PSYoungGen      total 214016K, used 198656K [0x00000000e0000000, 0x00000000ee200000, 0x0000000100000000)
  eden space 198656K, 100% used [0x00000000e0000000,0x00000000ec200000,0x00000000ec200000)
  from space 15360K, 0% used [0x00000000ed300000,0x00000000ed300000,0x00000000ee200000)
  to   space 16384K, 0% used [0x00000000ec200000,0x00000000ec200000,0x00000000ed200000)
 ParOldGen       total 67584K, used 34941K [0x00000000a0000000, 0x00000000a4200000, 0x00000000e0000000)
  object space 67584K, 51% used [0x00000000a0000000,0x00000000a221f718,0x00000000a4200000)
 Metaspace       used 61233K, capacity 63156K, committed 63448K, reserved 1103872K
  class space    used 8228K, capacity 8653K, committed 8704K, reserved 1048576K
Event: 18.545 GC heap after
Heap after GC invocations=16 (full 3):
 PSYoungGen      total 215040K, used 16362K [0x00000000e0000000, 0x00000000f1180000, 0x0000000100000000)
  eden space 198656K, 0% used [0x00000000e0000000,0x00000000e0000000,0x00000000ec200000)
  from space 16384K, 99% used [0x00000000ec200000,0x00000000ed1fa868,0x00000000ed200000)
  to   space 19968K, 0% used [0x00000000efe00000,0x00000000efe00000,0x00000000f1180000)
 ParOldGen       total 67584K, used 39301K [0x00000000a0000000, 0x00000000a4200000, 0x00000000e0000000)
  object space 67584K, 58% used [0x00000000a0000000,0x00000000a2661520,0x00000000a4200000)
 Metaspace       used 61233K, capacity 63156K, committed 63448K, reserved 1103872K
  class space    used 8228K, capacity 8653K, committed 8704K, reserved 1048576K
}

