# JRE version: OpenJDK Runtime Environment (11.0.11+9) (build 11.0.11+9-b60-7590822)
# Java VM: OpenJDK 64-Bit Server VM (11.0.11+9-b60-7590822, mixed mode, tiered, compressed oops, g1 gc, windows-amd64)
Heap:
 garbage-first heap   total 114688K, used 56451K [0x00000000a0000000, 0x0000000100000000)
  region size 1024K, 8 young (8192K), 3 survivors (3072K)
 Metaspace       used 57728K, capacity 59137K, committed 59312K, reserved 1112064K
  class space    used 7311K, capacity 7816K, committed 7936K, reserved 1048576K
GC Heap History (20 events):
Event: 6.095 GC heap before
{Heap before GC invocations=2 (full 0):
 garbage-first heap   total 114688K, used 30484K [0x00000000a0000000, 0x0000000100000000)
  region size 1024K, 26 young (26624K), 9 survivors (9216K)
 Metaspace       used 20725K, capacity 21148K, committed 21296K, reserved 1069056K
  class space    used 2484K, capacity 2604K, committed 2688K, reserved 1048576K
}
Event: 6.105 GC heap after
{Heap after GC invocations=3 (full 0):
 garbage-first heap   total 114688K, used 16412K [0x00000000a0000000, 0x0000000100000000)
  region size 1024K, 1 young (1024K), 1 survivors (1024K)
 Metaspace       used 20725K, capacity 21148K, committed 21296K, reserved 1069056K
  class space    used 2484K, capacity 2604K, committed 2688K, reserved 1048576K
}
Event: 7.243 GC heap before
{Heap before GC invocations=4 (full 0):
 garbage-first heap   total 114688K, used 65564K [0x00000000a0000000, 0x0000000100000000)
  region size 1024K, 41 young (41984K), 1 survivors (1024K)
 Metaspace       used 25988K, capacity 26734K, committed 26800K, reserved 1073152K
  class space    used 3308K, capacity 3567K, committed 3584K, reserved 1048576K
}
Event: 7.246 GC heap after
{Heap after GC invocations=5 (full 0):
 garbage-first heap   total 114688K, used 28738K [0x00000000a0000000, 0x0000000100000000)
  region size 1024K, 4 young (4096K), 4 survivors (4096K)
 Metaspace       used 25988K, capacity 26734K, committed 26800K, reserved 1073152K
  class space    used 3308K, capacity 3567K, committed 3584K, reserved 1048576K
}
Event: 8.452 GC heap before
{Heap before GC invocations=5 (full 0):
 garbage-first heap   total 114688K, used 69698K [0x00000000a0000000, 0x0000000100000000)
  region size 1024K, 44 young (45056K), 4 survivors (4096K)
 Metaspace       used 33427K, capacity 34174K, committed 34480K, reserved 1079296K
  class space    used 4233K, capacity 4492K, committed 4608K, reserved 1048576K
}
Event: 8.458 GC heap after
{Heap after GC invocations=6 (full 0):
 garbage-first heap   total 114688K, used 31772K [0x00000000a0000000, 0x0000000100000000)
  region size 1024K, 3 young (3072K), 3 survivors (3072K)
 Metaspace       used 33427K, capacity 34174K, committed 34480K, reserved 1079296K
  class space    used 4233K, capacity 4492K, committed 4608K, reserved 1048576K
}
Event: 8.686 GC heap before
{Heap before GC invocations=6 (full 0):
 garbage-first heap   total 114688K, used 43036K [0x00000000a0000000, 0x0000000100000000)
  region size 1024K, 12 young (12288K), 3 survivors (3072K)
 Metaspace       used 35017K, capacity 35736K, committed 35888K, reserved 1081344K
  class space    used 4382K, capacity 4626K, committed 4736K, reserved 1048576K
}
Event: 8.692 GC heap after
{Heap after GC invocations=7 (full 0):
 garbage-first heap   total 114688K, used 34484K [0x00000000a0000000, 0x0000000100000000)
  region size 1024K, 4 young (4096K), 4 survivors (4096K)
 Metaspace       used 35017K, capacity 35736K, committed 35888K, reserved 1081344K
  class space    used 4382K, capacity 4626K, committed 4736K, reserved 1048576K
}
Event: 9.712 GC heap before
{Heap before GC invocations=8 (full 0):
 garbage-first heap   total 114688K, used 69300K [0x00000000a0000000, 0x0000000100000000)
  region size 1024K, 39 young (39936K), 4 survivors (4096K)
 Metaspace       used 38162K, capacity 39028K, committed 39088K, reserved 1083392K
  class space    used 4821K, capacity 5103K, committed 5120K, reserved 1048576K
}
Event: 9.718 GC heap after
{Heap after GC invocations=9 (full 0):
 garbage-first heap   total 114688K, used 34537K [0x00000000a0000000, 0x0000000100000000)
  region size 1024K, 3 young (3072K), 3 survivors (3072K)
 Metaspace       used 38162K, capacity 39028K, committed 39088K, reserved 1083392K
  class space    used 4821K, capacity 5103K, committed 5120K, reserved 1048576K
}
Event: 10.978 GC heap before
{Heap before GC invocations=9 (full 0):
 garbage-first heap   total 114688K, used 74473K [0x00000000a0000000, 0x0000000100000000)
  region size 1024K, 42 young (43008K), 3 survivors (3072K)
 Metaspace       used 41387K, capacity 42305K, committed 42416K, reserved 1085440K
  class space    used 5290K, capacity 5599K, committed 5632K, reserved 1048576K
}
Event: 10.985 GC heap after
{Heap after GC invocations=10 (full 0):
 garbage-first heap   total 114688K, used 36240K [0x00000000a0000000, 0x0000000100000000)
  region size 1024K, 5 young (5120K), 5 survivors (5120K)
 Metaspace       used 41387K, capacity 42305K, committed 42416K, reserved 1085440K
  class space    used 5290K, capacity 5599K, committed 5632K, reserved 1048576K
}
Event: 12.954 GC heap before
{Heap before GC invocations=10 (full 0):
 garbage-first heap   total 114688K, used 78224K [0x00000000a0000000, 0x0000000100000000)
  region size 1024K, 45 young (46080K), 5 survivors (5120K)
 Metaspace       used 45967K, capacity 47156K, committed 47408K, reserved 1091584K
  class space    used 5878K, capacity 6254K, committed 6272K, reserved 1048576K
}
Event: 12.966 GC heap after
{Heap after GC invocations=11 (full 0):
 garbage-first heap   total 114688K, used 44708K [0x00000000a0000000, 0x0000000100000000)
  region size 1024K, 6 young (6144K), 6 survivors (6144K)
 Metaspace       used 45967K, capacity 47156K, committed 47408K, reserved 1091584K
  class space    used 5878K, capacity 6254K, committed 6272K, reserved 1048576K
}
Event: 14.089 GC heap before
{Heap before GC invocations=11 (full 0):
 garbage-first heap   total 114688K, used 81572K [0x00000000a0000000, 0x0000000100000000)
  region size 1024K, 42 young (43008K), 6 survivors (6144K)
 Metaspace       used 51983K, capacity 53200K, committed 53296K, reserved 1095680K
  class space    used 6581K, capacity 6972K, committed 7040K, reserved 1048576K
}
Event: 14.096 GC heap after
{Heap after GC invocations=12 (full 0):
 garbage-first heap   total 114688K, used 47709K [0x00000000a0000000, 0x0000000100000000)
  region size 1024K, 3 young (3072K), 3 survivors (3072K)
 Metaspace       used 51983K, capacity 53200K, committed 53296K, reserved 1095680K
  class space    used 6581K, capacity 6972K, committed 7040K, reserved 1048576K
}
Event: 14.969 GC heap before
{Heap before GC invocations=12 (full 0):
 garbage-first heap   total 114688K, used 83549K [0x00000000a0000000, 0x0000000100000000)
  region size 1024K, 38 young (38912K), 3 survivors (3072K)
 Metaspace       used 54862K, capacity 56067K, committed 56112K, reserved 1097728K
  class space    used 6906K, capacity 7275K, committed 7296K, reserved 1048576K
}
Event: 14.975 GC heap after
{Heap after GC invocations=13 (full 0):
 garbage-first heap   total 114688K, used 49895K [0x00000000a0000000, 0x0000000100000000)
  region size 1024K, 5 young (5120K), 5 survivors (5120K)
 Metaspace       used 54862K, capacity 56067K, committed 56112K, reserved 1097728K
  class space    used 6906K, capacity 7275K, committed 7296K, reserved 1048576K
}
Event: 15.404 GC heap before
{Heap before GC invocations=13 (full 0):
 garbage-first heap   total 114688K, used 70375K [0x00000000a0000000, 0x0000000100000000)
  region size 1024K, 26 young (26624K), 5 survivors (5120K)
 Metaspace       used 56293K, capacity 57688K, committed 57776K, reserved 1105920K
  class space    used 7141K, capacity 7631K, committed 7680K, reserved 1048576K
}
Event: 15.414 GC heap after
{Heap after GC invocations=14 (full 0):
 garbage-first heap   total 114688K, used 52355K [0x00000000a0000000, 0x0000000100000000)
  region size 1024K, 3 young (3072K), 3 survivors (3072K)
 Metaspace       used 56293K, capacity 57688K, committed 57776K, reserved 1105920K
  class space    used 7141K, capacity 7631K, committed 7680K, reserved 1048576K
}

