# JRE version: OpenJDK Runtime Environment (11.0.11+9) (build 11.0.11+9-b60-7590822)
# Java VM: OpenJDK 64-Bit Server VM (11.0.11+9-b60-7590822, mixed mode, tiered, compressed oops, g1 gc, windows-amd64)
Heap:
 garbage-first heap   total 114688K, used 62401K [0x00000000a0000000, 0x0000000100000000)
  region size 1024K, 31 young (31744K), 5 survivors (5120K)
 Metaspace       used 42912K, capacity 43978K, committed 44208K, reserved 1087488K
  class space    used 5518K, capacity 5855K, committed 5888K, reserved 1048576K
GC Heap History (16 events):
Event: 1.432 GC heap before
{Heap before GC invocations=0 (full 0):
 garbage-first heap   total 114688K, used 29696K [0x00000000a0000000, 0x0000000100000000)
  region size 1024K, 24 young (24576K), 0 survivors (0K)
 Metaspace       used 10794K, capacity 11076K, committed 11264K, reserved 1058816K
  class space    used 1141K, capacity 1200K, committed 1280K, reserved 1048576K
}
Event: 1.440 GC heap after
{Heap after GC invocations=1 (full 0):
 garbage-first heap   total 114688K, used 8547K [0x00000000a0000000, 0x0000000100000000)
  region size 1024K, 3 young (3072K), 3 survivors (3072K)
 Metaspace       used 10794K, capacity 11076K, committed 11264K, reserved 1058816K
  class space    used 1141K, capacity 1200K, committed 1280K, reserved 1048576K
}
Event: 4.566 GC heap before
{Heap before GC invocations=1 (full 0):
 garbage-first heap   total 114688K, used 73059K [0x00000000a0000000, 0x0000000100000000)
  region size 1024K, 67 young (68608K), 3 survivors (3072K)
 Metaspace       used 17942K, capacity 18397K, committed 18560K, reserved 1064960K
  class space    used 2156K, capacity 2305K, committed 2432K, reserved 1048576K
}
Event: 4.574 GC heap after
{Heap after GC invocations=2 (full 0):
 garbage-first heap   total 114688K, used 15561K [0x00000000a0000000, 0x0000000100000000)
  region size 1024K, 9 young (9216K), 9 survivors (9216K)
 Metaspace       used 17942K, capacity 18397K, committed 18560K, reserved 1064960K
  class space    used 2156K, capacity 2305K, committed 2432K, reserved 1048576K
}
Event: 4.861 GC heap before
{Heap before GC invocations=2 (full 0):
 garbage-first heap   total 114688K, used 30921K [0x00000000a0000000, 0x0000000100000000)
  region size 1024K, 26 young (26624K), 9 survivors (9216K)
 Metaspace       used 20719K, capacity 21148K, committed 21296K, reserved 1069056K
  class space    used 2485K, capacity 2604K, committed 2688K, reserved 1048576K
}
Event: 4.869 GC heap after
{Heap after GC invocations=3 (full 0):
 garbage-first heap   total 114688K, used 16294K [0x00000000a0000000, 0x0000000100000000)
  region size 1024K, 1 young (1024K), 1 survivors (1024K)
 Metaspace       used 20719K, capacity 21148K, committed 21296K, reserved 1069056K
  class space    used 2485K, capacity 2604K, committed 2688K, reserved 1048576K
}
Event: 5.741 GC heap before
{Heap before GC invocations=4 (full 0):
 garbage-first heap   total 114688K, used 65446K [0x00000000a0000000, 0x0000000100000000)
  region size 1024K, 41 young (41984K), 1 survivors (1024K)
 Metaspace       used 25892K, capacity 26638K, committed 26800K, reserved 1073152K
  class space    used 3294K, capacity 3535K, committed 3584K, reserved 1048576K
}
Event: 5.745 GC heap after
{Heap after GC invocations=5 (full 0):
 garbage-first heap   total 114688K, used 28954K [0x00000000a0000000, 0x0000000100000000)
  region size 1024K, 5 young (5120K), 5 survivors (5120K)
 Metaspace       used 25892K, capacity 26638K, committed 26800K, reserved 1073152K
  class space    used 3294K, capacity 3535K, committed 3584K, reserved 1048576K
}
Event: 6.591 GC heap before
{Heap before GC invocations=5 (full 0):
 garbage-first heap   total 114688K, used 67866K [0x00000000a0000000, 0x0000000100000000)
  region size 1024K, 44 young (45056K), 5 survivors (5120K)
 Metaspace       used 32917K, capacity 33618K, committed 33840K, reserved 1079296K
  class space    used 4178K, capacity 4412K, committed 4480K, reserved 1048576K
}
Event: 6.596 GC heap after
{Heap after GC invocations=6 (full 0):
 garbage-first heap   total 114688K, used 31329K [0x00000000a0000000, 0x0000000100000000)
  region size 1024K, 3 young (3072K), 3 survivors (3072K)
 Metaspace       used 32917K, capacity 33618K, committed 33840K, reserved 1079296K
  class space    used 4178K, capacity 4412K, committed 4480K, reserved 1048576K
}
Event: 6.837 GC heap before
{Heap before GC invocations=6 (full 0):
 garbage-first heap   total 114688K, used 44641K [0x00000000a0000000, 0x0000000100000000)
  region size 1024K, 15 young (15360K), 3 survivors (3072K)
 Metaspace       used 35067K, capacity 35736K, committed 35888K, reserved 1081344K
  class space    used 4388K, capacity 4626K, committed 4736K, reserved 1048576K
}
Event: 6.842 GC heap after
{Heap after GC invocations=7 (full 0):
 garbage-first heap   total 114688K, used 34348K [0x00000000a0000000, 0x0000000100000000)
  region size 1024K, 4 young (4096K), 4 survivors (4096K)
 Metaspace       used 35067K, capacity 35736K, committed 35888K, reserved 1081344K
  class space    used 4388K, capacity 4626K, committed 4736K, reserved 1048576K
}
Event: 7.489 GC heap before
{Heap before GC invocations=8 (full 0):
 garbage-first heap   total 114688K, used 73260K [0x00000000a0000000, 0x0000000100000000)
  region size 1024K, 43 young (44032K), 4 survivors (4096K)
 Metaspace       used 38355K, capacity 39220K, committed 39472K, reserved 1083392K
  class space    used 4866K, capacity 5167K, committed 5248K, reserved 1048576K
}
Event: 7.496 GC heap after
{Heap after GC invocations=9 (full 0):
 garbage-first heap   total 114688K, used 34598K [0x00000000a0000000, 0x0000000100000000)
  region size 1024K, 4 young (4096K), 4 survivors (4096K)
 Metaspace       used 38355K, capacity 39220K, committed 39472K, reserved 1083392K
  class space    used 4866K, capacity 5167K, committed 5248K, reserved 1048576K
}
Event: 8.260 GC heap before
{Heap before GC invocations=9 (full 0):
 garbage-first heap   total 114688K, used 77606K [0x00000000a0000000, 0x0000000100000000)
  region size 1024K, 46 young (47104K), 4 survivors (4096K)
 Metaspace       used 41691K, capacity 42643K, committed 42800K, reserved 1087488K
  class space    used 5344K, capacity 5648K, committed 5760K, reserved 1048576K
}
Event: 8.265 GC heap after
{Heap after GC invocations=10 (full 0):
 garbage-first heap   total 114688K, used 35777K [0x00000000a0000000, 0x0000000100000000)
  region size 1024K, 5 young (5120K), 5 survivors (5120K)
 Metaspace       used 41691K, capacity 42643K, committed 42800K, reserved 1087488K
  class space    used 5344K, capacity 5648K, committed 5760K, reserved 1048576K
}

