# JRE version: OpenJDK Runtime Environment (11.0.11+9) (build 11.0.11+9-b60-7590822)
# Java VM: OpenJDK 64-Bit Server VM (11.0.11+9-b60-7590822, mixed mode, tiered, compressed oops, g1 gc, windows-amd64)
Heap:
 garbage-first heap   total 114688K, used 43733K [0x00000000a0000000, 0x0000000100000000)
  region size 1024K, 14 young (14336K), 4 survivors (4096K)
 Metaspace       used 39319K, capacity 40261K, committed 40368K, reserved 1085440K
  class space    used 5015K, capacity 5300K, committed 5376K, reserved 1048576K
GC Heap History (12 events):
Event: 1.184 GC heap before
{Heap before GC invocations=0 (full 0):
 garbage-first heap   total 114688K, used 29696K [0x00000000a0000000, 0x0000000100000000)
  region size 1024K, 24 young (24576K), 0 survivors (0K)
 Metaspace       used 10803K, capacity 11076K, committed 11264K, reserved 1058816K
  class space    used 1141K, capacity 1200K, committed 1280K, reserved 1048576K
}
Event: 1.192 GC heap after
{Heap after GC invocations=1 (full 0):
 garbage-first heap   total 114688K, used 8535K [0x00000000a0000000, 0x0000000100000000)
  region size 1024K, 3 young (3072K), 3 survivors (3072K)
 Metaspace       used 10803K, capacity 11076K, committed 11264K, reserved 1058816K
  class space    used 1141K, capacity 1200K, committed 1280K, reserved 1048576K
}
Event: 4.589 GC heap before
{Heap before GC invocations=1 (full 0):
 garbage-first heap   total 114688K, used 73047K [0x00000000a0000000, 0x0000000100000000)
  region size 1024K, 67 young (68608K), 3 survivors (3072K)
 Metaspace       used 17942K, capacity 18397K, committed 18560K, reserved 1064960K
  class space    used 2156K, capacity 2305K, committed 2432K, reserved 1048576K
}
Event: 4.598 GC heap after
{Heap after GC invocations=2 (full 0):
 garbage-first heap   total 114688K, used 15328K [0x00000000a0000000, 0x0000000100000000)
  region size 1024K, 9 young (9216K), 9 survivors (9216K)
 Metaspace       used 17942K, capacity 18397K, committed 18560K, reserved 1064960K
  class space    used 2156K, capacity 2305K, committed 2432K, reserved 1048576K
}
Event: 4.970 GC heap before
{Heap before GC invocations=2 (full 0):
 garbage-first heap   total 114688K, used 30688K [0x00000000a0000000, 0x0000000100000000)
  region size 1024K, 26 young (26624K), 9 survivors (9216K)
 Metaspace       used 20724K, capacity 21148K, committed 21296K, reserved 1069056K
  class space    used 2485K, capacity 2604K, committed 2688K, reserved 1048576K
}
Event: 4.979 GC heap after
{Heap after GC invocations=3 (full 0):
 garbage-first heap   total 114688K, used 16343K [0x00000000a0000000, 0x0000000100000000)
  region size 1024K, 1 young (1024K), 1 survivors (1024K)
 Metaspace       used 20724K, capacity 21148K, committed 21296K, reserved 1069056K
  class space    used 2485K, capacity 2604K, committed 2688K, reserved 1048576K
}
Event: 6.213 GC heap before
{Heap before GC invocations=4 (full 0):
 garbage-first heap   total 114688K, used 65495K [0x00000000a0000000, 0x0000000100000000)
  region size 1024K, 41 young (41984K), 1 survivors (1024K)
 Metaspace       used 25907K, capacity 26638K, committed 26800K, reserved 1073152K
  class space    used 3294K, capacity 3535K, committed 3584K, reserved 1048576K
}
Event: 6.218 GC heap after
{Heap after GC invocations=5 (full 0):
 garbage-first heap   total 114688K, used 29083K [0x00000000a0000000, 0x0000000100000000)
  region size 1024K, 5 young (5120K), 5 survivors (5120K)
 Metaspace       used 25907K, capacity 26638K, committed 26800K, reserved 1073152K
  class space    used 3294K, capacity 3535K, committed 3584K, reserved 1048576K
}
Event: 7.055 GC heap before
{Heap before GC invocations=5 (full 0):
 garbage-first heap   total 114688K, used 67995K [0x00000000a0000000, 0x0000000100000000)
  region size 1024K, 44 young (45056K), 5 survivors (5120K)
 Metaspace       used 32865K, capacity 33490K, committed 33584K, reserved 1079296K
  class space    used 4167K, capacity 4412K, committed 4480K, reserved 1048576K
}
Event: 7.060 GC heap after
{Heap after GC invocations=6 (full 0):
 garbage-first heap   total 114688K, used 31069K [0x00000000a0000000, 0x0000000100000000)
  region size 1024K, 3 young (3072K), 3 survivors (3072K)
 Metaspace       used 32865K, capacity 33490K, committed 33584K, reserved 1079296K
  class space    used 4167K, capacity 4412K, committed 4480K, reserved 1048576K
}
Event: 7.370 GC heap before
{Heap before GC invocations=6 (full 0):
 garbage-first heap   total 114688K, used 45405K [0x00000000a0000000, 0x0000000100000000)
  region size 1024K, 15 young (15360K), 3 survivors (3072K)
 Metaspace       used 35019K, capacity 35736K, committed 35888K, reserved 1081344K
  class space    used 4386K, capacity 4626K, committed 4736K, reserved 1048576K
}
Event: 7.377 GC heap after
{Heap after GC invocations=7 (full 0):
 garbage-first heap   total 114688K, used 34151K [0x00000000a0000000, 0x0000000100000000)
  region size 1024K, 4 young (4096K), 4 survivors (4096K)
 Metaspace       used 35019K, capacity 35736K, committed 35888K, reserved 1081344K
  class space    used 4386K, capacity 4626K, committed 4736K, reserved 1048576K
}

