# JRE version: OpenJDK Runtime Environment (11.0.11+9) (build 11.0.11+9-b60-7590822)
# Java VM: OpenJDK 64-Bit Server VM (11.0.11+9-b60-7590822, mixed mode, tiered, compressed oops, g1 gc, windows-amd64)
Heap:
 garbage-first heap   total 774144K, used 235827K [0x00000000a0000000, 0x0000000100000000)
  region size 1024K, 22 young (22528K), 22 survivors (22528K)
 Metaspace       used 115256K, capacity 118685K, committed 118960K, reserved 1153024K
  class space    used 13931K, capacity 15080K, committed 15104K, reserved 1048576K
GC Heap History (20 events):
Event: 272.076 GC heap after
{Heap after GC invocations=116 (full 0):
 garbage-first heap   total 309248K, used 198335K [0x00000000a0000000, 0x0000000100000000)
  region size 1024K, 6 young (6144K), 6 survivors (6144K)
 Metaspace       used 113631K, capacity 117066K, committed 117424K, reserved 1150976K
  class space    used 13864K, capacity 14991K, committed 15104K, reserved 1048576K
}
Event: 272.204 GC heap before
{Heap before GC invocations=116 (full 0):
 garbage-first heap   total 309248K, used 250559K [0x00000000a0000000, 0x0000000100000000)
  region size 1024K, 57 young (58368K), 6 survivors (6144K)
 Metaspace       used 113713K, capacity 117169K, committed 117424K, reserved 1150976K
  class space    used 13878K, capacity 15025K, committed 15104K, reserved 1048576K
}
Event: 272.218 GC heap after
{Heap after GC invocations=117 (full 0):
 garbage-first heap   total 309248K, used 201074K [0x00000000a0000000, 0x0000000100000000)
  region size 1024K, 4 young (4096K), 4 survivors (4096K)
 Metaspace       used 113713K, capacity 117169K, committed 117424K, reserved 1150976K
  class space    used 13878K, capacity 15025K, committed 15104K, reserved 1048576K
}
Event: 272.389 GC heap before
{Heap before GC invocations=117 (full 0):
 garbage-first heap   total 309248K, used 253298K [0x00000000a0000000, 0x0000000100000000)
  region size 1024K, 55 young (56320K), 4 survivors (4096K)
 Metaspace       used 113745K, capacity 117186K, committed 117424K, reserved 1150976K
  class space    used 13885K, capacity 15031K, committed 15104K, reserved 1048576K
}
Event: 272.410 GC heap after
{Heap after GC invocations=118 (full 0):
 garbage-first heap   total 433152K, used 203358K [0x00000000a0000000, 0x0000000100000000)
  region size 1024K, 6 young (6144K), 6 survivors (6144K)
 Metaspace       used 113745K, capacity 117186K, committed 117424K, reserved 1150976K
  class space    used 13885K, capacity 15031K, committed 15104K, reserved 1048576K
}
Event: 273.033 GC heap before
{Heap before GC invocations=118 (full 0):
 garbage-first heap   total 433152K, used 319070K [0x00000000a0000000, 0x0000000100000000)
  region size 1024K, 119 young (121856K), 6 survivors (6144K)
 Metaspace       used 114394K, capacity 117798K, committed 117936K, reserved 1153024K
  class space    used 13915K, capacity 15037K, committed 15104K, reserved 1048576K
}
Event: 273.061 GC heap after
{Heap after GC invocations=119 (full 0):
 garbage-first heap   total 433152K, used 209973K [0x00000000a0000000, 0x0000000100000000)
  region size 1024K, 13 young (13312K), 13 survivors (13312K)
 Metaspace       used 114394K, capacity 117798K, committed 117936K, reserved 1153024K
  class space    used 13915K, capacity 15037K, committed 15104K, reserved 1048576K
}
Event: 273.541 GC heap before
{Heap before GC invocations=119 (full 0):
 garbage-first heap   total 433152K, used 336949K [0x00000000a0000000, 0x0000000100000000)
  region size 1024K, 138 young (141312K), 13 survivors (13312K)
 Metaspace       used 114671K, capacity 118075K, committed 118192K, reserved 1153024K
  class space    used 13915K, capacity 15037K, committed 15104K, reserved 1048576K
}
Event: 273.555 GC heap after
{Heap after GC invocations=120 (full 0):
 garbage-first heap   total 433152K, used 214455K [0x00000000a0000000, 0x0000000100000000)
  region size 1024K, 12 young (12288K), 12 survivors (12288K)
 Metaspace       used 114671K, capacity 118075K, committed 118192K, reserved 1153024K
  class space    used 13915K, capacity 15037K, committed 15104K, reserved 1048576K
}
Event: 273.812 GC heap before
{Heap before GC invocations=120 (full 0):
 garbage-first heap   total 433152K, used 346551K [0x00000000a0000000, 0x0000000100000000)
  region size 1024K, 142 young (145408K), 12 survivors (12288K)
 Metaspace       used 114758K, capacity 118205K, committed 118448K, reserved 1153024K
  class space    used 13916K, capacity 15037K, committed 15104K, reserved 1048576K
}
Event: 273.825 GC heap after
{Heap after GC invocations=121 (full 0):
 garbage-first heap   total 433152K, used 216388K [0x00000000a0000000, 0x0000000100000000)
  region size 1024K, 7 young (7168K), 7 survivors (7168K)
 Metaspace       used 114758K, capacity 118205K, committed 118448K, reserved 1153024K
  class space    used 13916K, capacity 15037K, committed 15104K, reserved 1048576K
}
Event: 274.012 GC heap before
{Heap before GC invocations=121 (full 0):
 garbage-first heap   total 433152K, used 354628K [0x00000000a0000000, 0x0000000100000000)
  region size 1024K, 142 young (145408K), 7 survivors (7168K)
 Metaspace       used 114822K, capacity 118271K, committed 118448K, reserved 1153024K
  class space    used 13917K, capacity 15037K, committed 15104K, reserved 1048576K
}
Event: 274.027 GC heap after
{Heap after GC invocations=122 (full 0):
 garbage-first heap   total 600064K, used 219257K [0x00000000a0000000, 0x0000000100000000)
  region size 1024K, 10 young (10240K), 10 survivors (10240K)
 Metaspace       used 114822K, capacity 118271K, committed 118448K, reserved 1153024K
  class space    used 13917K, capacity 15037K, committed 15104K, reserved 1048576K
}
Event: 274.603 GC heap before
{Heap before GC invocations=122 (full 0):
 garbage-first heap   total 600064K, used 483449K [0x00000000a0000000, 0x0000000100000000)
  region size 1024K, 269 young (275456K), 10 survivors (10240K)
 Metaspace       used 114886K, capacity 118273K, committed 118448K, reserved 1153024K
  class space    used 13917K, capacity 15037K, committed 15104K, reserved 1048576K
}
Event: 274.660 GC heap after
{Heap after GC invocations=123 (full 0):
 garbage-first heap   total 600064K, used 226081K [0x00000000a0000000, 0x0000000100000000)
  region size 1024K, 16 young (16384K), 16 survivors (16384K)
 Metaspace       used 114886K, capacity 118273K, committed 118448K, reserved 1153024K
  class space    used 13917K, capacity 15037K, committed 15104K, reserved 1048576K
}
Event: 275.219 GC heap before
{Heap before GC invocations=123 (full 0):
 garbage-first heap   total 600064K, used 513825K [0x00000000a0000000, 0x0000000100000000)
  region size 1024K, 298 young (305152K), 16 survivors (16384K)
 Metaspace       used 115110K, capacity 118493K, committed 118704K, reserved 1153024K
  class space    used 13919K, capacity 15038K, committed 15104K, reserved 1048576K
}
Event: 275.292 GC heap after
{Heap after GC invocations=124 (full 0):
 garbage-first heap   total 600064K, used 229135K [0x00000000a0000000, 0x0000000100000000)
  region size 1024K, 19 young (19456K), 19 survivors (19456K)
 Metaspace       used 115110K, capacity 118493K, committed 118704K, reserved 1153024K
  class space    used 13919K, capacity 15038K, committed 15104K, reserved 1048576K
}
Event: 275.974 GC heap before
{Heap before GC invocations=124 (full 0):
 garbage-first heap   total 600064K, used 516879K [0x00000000a0000000, 0x0000000100000000)
  region size 1024K, 301 young (308224K), 19 survivors (19456K)
 Metaspace       used 115180K, capacity 118568K, committed 118704K, reserved 1153024K
  class space    used 13924K, capacity 15040K, committed 15104K, reserved 1048576K
}
Event: 276.003 GC heap after
{Heap after GC invocations=125 (full 0):
 garbage-first heap   total 600064K, used 233074K [0x00000000a0000000, 0x0000000100000000)
  region size 1024K, 23 young (23552K), 23 survivors (23552K)
 Metaspace       used 115180K, capacity 118568K, committed 118704K, reserved 1153024K
  class space    used 13924K, capacity 15040K, committed 15104K, reserved 1048576K
}
Event: 276.393 GC heap before
{Heap before GC invocations=125 (full 0):
 garbage-first heap   total 600064K, used 513650K [0x00000000a0000000, 0x0000000100000000)
  region size 1024K, 296 young (303104K), 23 survivors (23552K)
 Metaspace       used 115256K, capacity 118685K, committed 118960K, reserved 1153024K
  class space    used 13931K, capacity 15080K, committed 15104K, reserved 1048576K
}

