# JRE version: OpenJDK Runtime Environment (11.0.11+9) (build 11.0.11+9-b60-7590822)
# Java VM: OpenJDK 64-Bit Server VM (11.0.11+9-b60-7590822, mixed mode, tiered, compressed oops, g1 gc, windows-amd64)
Heap:
 garbage-first heap   total 165888K, used 123956K [0x00000000a0000000, 0x0000000100000000)
  region size 1024K, 19 young (19456K), 2 survivors (2048K)
 Metaspace       used 85693K, capacity 87771K, committed 87984K, reserved 1130496K
  class space    used 10767K, capacity 11493K, committed 11520K, reserved 1048576K
GC Heap History (20 events):
Event: 28.622 GC heap before
{Heap before GC invocations=44 (full 0):
 garbage-first heap   total 138240K, used 112712K [0x00000000a0000000, 0x0000000100000000)
  region size 1024K, 17 young (17408K), 3 survivors (3072K)
 Metaspace       used 83732K, capacity 85812K, committed 86064K, reserved 1128448K
  class space    used 10636K, capacity 11325K, committed 11392K, reserved 1048576K
}
Event: 28.637 GC heap after
{Heap after GC invocations=45 (full 0):
 garbage-first heap   total 138240K, used 106474K [0x00000000a0000000, 0x0000000100000000)
  region size 1024K, 3 young (3072K), 3 survivors (3072K)
 Metaspace       used 83732K, capacity 85812K, committed 86064K, reserved 1128448K
  class space    used 10636K, capacity 11325K, committed 11392K, reserved 1048576K
}
Event: 28.727 GC heap before
{Heap before GC invocations=45 (full 0):
 garbage-first heap   total 138240K, used 113642K [0x00000000a0000000, 0x0000000100000000)
  region size 1024K, 10 young (10240K), 3 survivors (3072K)
 Metaspace       used 84138K, capacity 86244K, committed 86320K, reserved 1128448K
  class space    used 10675K, capacity 11362K, committed 11392K, reserved 1048576K
}
Event: 28.736 GC heap after
{Heap after GC invocations=46 (full 0):
 garbage-first heap   total 138240K, used 110034K [0x00000000a0000000, 0x0000000100000000)
  region size 1024K, 2 young (2048K), 2 survivors (2048K)
 Metaspace       used 84138K, capacity 86244K, committed 86320K, reserved 1128448K
  class space    used 10675K, capacity 11362K, committed 11392K, reserved 1048576K
}
Event: 29.001 GC heap before
{Heap before GC invocations=47 (full 0):
 garbage-first heap   total 138240K, used 115154K [0x00000000a0000000, 0x0000000100000000)
  region size 1024K, 7 young (7168K), 2 survivors (2048K)
 Metaspace       used 84827K, capacity 86967K, committed 87216K, reserved 1128448K
  class space    used 10744K, capacity 11451K, committed 11520K, reserved 1048576K
}
Event: 29.006 GC heap after
{Heap after GC invocations=48 (full 0):
 garbage-first heap   total 138240K, used 111066K [0x00000000a0000000, 0x0000000100000000)
  region size 1024K, 1 young (1024K), 1 survivors (1024K)
 Metaspace       used 84827K, capacity 86967K, committed 87216K, reserved 1128448K
  class space    used 10744K, capacity 11451K, committed 11520K, reserved 1048576K
}
Event: 29.066 GC heap before
{Heap before GC invocations=48 (full 0):
 garbage-first heap   total 138240K, used 116186K [0x00000000a0000000, 0x0000000100000000)
  region size 1024K, 6 young (6144K), 1 survivors (1024K)
 Metaspace       used 84885K, capacity 86967K, committed 87216K, reserved 1128448K
  class space    used 10744K, capacity 11451K, committed 11520K, reserved 1048576K
}
Event: 29.068 GC heap after
{Heap after GC invocations=49 (full 0):
 garbage-first heap   total 138240K, used 109570K [0x00000000a0000000, 0x0000000100000000)
  region size 1024K, 1 young (1024K), 1 survivors (1024K)
 Metaspace       used 84885K, capacity 86967K, committed 87216K, reserved 1128448K
  class space    used 10744K, capacity 11451K, committed 11520K, reserved 1048576K
}
Event: 29.139 GC heap before
{Heap before GC invocations=49 (full 0):
 garbage-first heap   total 138240K, used 115714K [0x00000000a0000000, 0x0000000100000000)
  region size 1024K, 7 young (7168K), 1 survivors (1024K)
 Metaspace       used 84980K, capacity 87097K, committed 87216K, reserved 1128448K
  class space    used 10747K, capacity 11451K, committed 11520K, reserved 1048576K
}
Event: 29.142 GC heap after
{Heap after GC invocations=50 (full 0):
 garbage-first heap   total 138240K, used 109811K [0x00000000a0000000, 0x0000000100000000)
  region size 1024K, 1 young (1024K), 1 survivors (1024K)
 Metaspace       used 84980K, capacity 87097K, committed 87216K, reserved 1128448K
  class space    used 10747K, capacity 11451K, committed 11520K, reserved 1048576K
}
Event: 29.191 GC heap before
{Heap before GC invocations=50 (full 0):
 garbage-first heap   total 138240K, used 115955K [0x00000000a0000000, 0x0000000100000000)
  region size 1024K, 7 young (7168K), 1 survivors (1024K)
 Metaspace       used 85014K, capacity 87097K, committed 87216K, reserved 1128448K
  class space    used 10747K, capacity 11451K, committed 11520K, reserved 1048576K
}
Event: 29.193 GC heap after
{Heap after GC invocations=51 (full 0):
 garbage-first heap   total 138240K, used 109892K [0x00000000a0000000, 0x0000000100000000)
  region size 1024K, 1 young (1024K), 1 survivors (1024K)
 Metaspace       used 85014K, capacity 87097K, committed 87216K, reserved 1128448K
  class space    used 10747K, capacity 11451K, committed 11520K, reserved 1048576K
}
Event: 29.313 GC heap before
{Heap before GC invocations=51 (full 0):
 garbage-first heap   total 138240K, used 117060K [0x00000000a0000000, 0x0000000100000000)
  region size 1024K, 8 young (8192K), 1 survivors (1024K)
 Metaspace       used 85132K, capacity 87228K, committed 87472K, reserved 1130496K
  class space    used 10750K, capacity 11451K, committed 11520K, reserved 1048576K
}
Event: 29.319 GC heap after
{Heap after GC invocations=52 (full 0):
 garbage-first heap   total 138240K, used 110043K [0x00000000a0000000, 0x0000000100000000)
  region size 1024K, 1 young (1024K), 1 survivors (1024K)
 Metaspace       used 85132K, capacity 87228K, committed 87472K, reserved 1130496K
  class space    used 10750K, capacity 11451K, committed 11520K, reserved 1048576K
}
Event: 29.709 GC heap before
{Heap before GC invocations=53 (full 0):
 garbage-first heap   total 138240K, used 117211K [0x00000000a0000000, 0x0000000100000000)
  region size 1024K, 8 young (8192K), 1 survivors (1024K)
 Metaspace       used 85359K, capacity 87421K, committed 87728K, reserved 1130496K
  class space    used 10751K, capacity 11451K, committed 11520K, reserved 1048576K
}
Event: 29.714 GC heap after
{Heap after GC invocations=54 (full 0):
 garbage-first heap   total 138240K, used 110456K [0x00000000a0000000, 0x0000000100000000)
  region size 1024K, 1 young (1024K), 1 survivors (1024K)
 Metaspace       used 85359K, capacity 87421K, committed 87728K, reserved 1130496K
  class space    used 10751K, capacity 11451K, committed 11520K, reserved 1048576K
}
Event: 29.896 GC heap before
{Heap before GC invocations=54 (full 0):
 garbage-first heap   total 138240K, used 115576K [0x00000000a0000000, 0x0000000100000000)
  region size 1024K, 6 young (6144K), 1 survivors (1024K)
 Metaspace       used 85465K, capacity 87549K, committed 87728K, reserved 1130496K
  class space    used 10751K, capacity 11451K, committed 11520K, reserved 1048576K
}
Event: 29.902 GC heap after
{Heap after GC invocations=55 (full 0):
 garbage-first heap   total 165888K, used 109827K [0x00000000a0000000, 0x0000000100000000)
  region size 1024K, 1 young (1024K), 1 survivors (1024K)
 Metaspace       used 85465K, capacity 87549K, committed 87728K, reserved 1130496K
  class space    used 10751K, capacity 11451K, committed 11520K, reserved 1048576K
}
Event: 32.793 GC heap before
{Heap before GC invocations=55 (full 0):
 garbage-first heap   total 165888K, used 126211K [0x00000000a0000000, 0x0000000100000000)
  region size 1024K, 18 young (18432K), 1 survivors (1024K)
 Metaspace       used 85638K, capacity 87768K, committed 87984K, reserved 1130496K
  class space    used 10766K, capacity 11493K, committed 11520K, reserved 1048576K
}
Event: 32.799 GC heap after
{Heap after GC invocations=56 (full 0):
 garbage-first heap   total 165888K, used 110644K [0x00000000a0000000, 0x0000000100000000)
  region size 1024K, 2 young (2048K), 2 survivors (2048K)
 Metaspace       used 85638K, capacity 87768K, committed 87984K, reserved 1130496K
  class space    used 10766K, capacity 11493K, committed 11520K, reserved 1048576K
}

