# JRE version: OpenJDK Runtime Environment (8.0_202-b03) (build 1.8.0_202-release-1483-b03)
# Java VM: OpenJDK 64-Bit Server VM (25.202-b03 mixed mode windows-amd64 compressed oops)
Heap:
 PSYoungGen      total 111104K, used 42114K [0x00000000e0000000, 0x00000000e8080000, 0x0000000100000000)
  eden space 100864K, 31% used [0x00000000e0000000,0x00000000e1f26a60,0x00000000e6280000)
  from space 10240K, 99% used [0x00000000e6c80000,0x00000000e767a048,0x00000000e7680000)
  to   space 7680K, 0% used [0x00000000e7900000,0x00000000e7900000,0x00000000e8080000)
 ParOldGen       total 47104K, used 19444K [0x00000000a0000000, 0x00000000a2e00000, 0x00000000e0000000)
  object space 47104K, 41% used [0x00000000a0000000,0x00000000a12fd1d0,0x00000000a2e00000)
 Metaspace       used 48035K, capacity 49360K, committed 49576K, reserved 1091584K
  class space    used 6470K, capacity 6817K, committed 6824K, reserved 1048576K
GC Heap History (10 events):
Event: 5.411 GC heap before
{Heap before GC invocations=9 (full 1):
 PSYoungGen      total 67072K, used 56832K [0x00000000e0000000, 0x00000000e8300000, 0x0000000100000000)
  eden space 56832K, 100% used [0x00000000e0000000,0x00000000e3780000,0x00000000e3780000)
  from space 10240K, 0% used [0x00000000e3780000,0x00000000e3780000,0x00000000e4180000)
  to   space 10240K, 0% used [0x00000000e7900000,0x00000000e7900000,0x00000000e8300000)
 ParOldGen       total 47104K, used 8040K [0x00000000a0000000, 0x00000000a2e00000, 0x00000000e0000000)
  object space 47104K, 17% used [0x00000000a0000000,0x00000000a07da0f8,0x00000000a2e00000)
 Metaspace       used 27946K, capacity 28476K, committed 28672K, reserved 1073152K
  class space    used 3822K, capacity 3999K, committed 4096K, reserved 1048576K
Event: 5.420 GC heap after
Heap after GC invocations=9 (full 1):
 PSYoungGen      total 108544K, used 7394K [0x00000000e0000000, 0x00000000e8080000, 0x0000000100000000)
  eden space 100864K, 0% used [0x00000000e0000000,0x00000000e0000000,0x00000000e6280000)
  from space 7680K, 96% used [0x00000000e7900000,0x00000000e8038838,0x00000000e8080000)
  to   space 10240K, 0% used [0x00000000e6c80000,0x00000000e6c80000,0x00000000e7680000)
 ParOldGen       total 47104K, used 8048K [0x00000000a0000000, 0x00000000a2e00000, 0x00000000e0000000)
  object space 47104K, 17% used [0x00000000a0000000,0x00000000a07dc0f8,0x00000000a2e00000)
 Metaspace       used 27946K, capacity 28476K, committed 28672K, reserved 1073152K
  class space    used 3822K, capacity 3999K, committed 4096K, reserved 1048576K
}
Event: 6.878 GC heap before
{Heap before GC invocations=10 (full 1):
 PSYoungGen      total 108544K, used 108258K [0x00000000e0000000, 0x00000000e8080000, 0x0000000100000000)
  eden space 100864K, 100% used [0x00000000e0000000,0x00000000e6280000,0x00000000e6280000)
  from space 7680K, 96% used [0x00000000e7900000,0x00000000e8038838,0x00000000e8080000)
  to   space 10240K, 0% used [0x00000000e6c80000,0x00000000e6c80000,0x00000000e7680000)
 ParOldGen       total 47104K, used 8048K [0x00000000a0000000, 0x00000000a2e00000, 0x00000000e0000000)
  object space 47104K, 17% used [0x00000000a0000000,0x00000000a07dc0f8,0x00000000a2e00000)
 Metaspace       used 33836K, capacity 34520K, committed 34944K, reserved 1079296K
  class space    used 4656K, capacity 4873K, committed 4992K, reserved 1048576K
Event: 6.893 GC heap after
Heap after GC invocations=10 (full 1):
 PSYoungGen      total 111104K, used 10238K [0x00000000e0000000, 0x00000000e8080000, 0x0000000100000000)
  eden space 100864K, 0% used [0x00000000e0000000,0x00000000e0000000,0x00000000e6280000)
  from space 10240K, 99% used [0x00000000e6c80000,0x00000000e767fb50,0x00000000e7680000)
  to   space 7680K, 0% used [0x00000000e7900000,0x00000000e7900000,0x00000000e8080000)
 ParOldGen       total 47104K, used 8713K [0x00000000a0000000, 0x00000000a2e00000, 0x00000000e0000000)
  object space 47104K, 18% used [0x00000000a0000000,0x00000000a0882628,0x00000000a2e00000)
 Metaspace       used 33836K, capacity 34520K, committed 34944K, reserved 1079296K
  class space    used 4656K, capacity 4873K, committed 4992K, reserved 1048576K
}
Event: 7.277 GC heap before
{Heap before GC invocations=11 (full 1):
 PSYoungGen      total 111104K, used 36929K [0x00000000e0000000, 0x00000000e8080000, 0x0000000100000000)
  eden space 100864K, 26% used [0x00000000e0000000,0x00000000e1a10b98,0x00000000e6280000)
  from space 10240K, 99% used [0x00000000e6c80000,0x00000000e767fb50,0x00000000e7680000)
  to   space 7680K, 0% used [0x00000000e7900000,0x00000000e7900000,0x00000000e8080000)
 ParOldGen       total 47104K, used 8713K [0x00000000a0000000, 0x00000000a2e00000, 0x00000000e0000000)
  object space 47104K, 18% used [0x00000000a0000000,0x00000000a0882628,0x00000000a2e00000)
 Metaspace       used 34718K, capacity 35462K, committed 35496K, reserved 1079296K
  class space    used 4787K, capacity 5004K, committed 5032K, reserved 1048576K
Event: 7.290 GC heap after
Heap after GC invocations=11 (full 1):
 PSYoungGen      total 108544K, used 5798K [0x00000000e0000000, 0x00000000e8080000, 0x0000000100000000)
  eden space 100864K, 0% used [0x00000000e0000000,0x00000000e0000000,0x00000000e6280000)
  from space 7680K, 75% used [0x00000000e7900000,0x00000000e7ea98f8,0x00000000e8080000)
  to   space 10240K, 0% used [0x00000000e6c80000,0x00000000e6c80000,0x00000000e7680000)
 ParOldGen       total 47104K, used 11789K [0x00000000a0000000, 0x00000000a2e00000, 0x00000000e0000000)
  object space 47104K, 25% used [0x00000000a0000000,0x00000000a0b83648,0x00000000a2e00000)
 Metaspace       used 34718K, capacity 35462K, committed 35496K, reserved 1079296K
  class space    used 4787K, capacity 5004K, committed 5032K, reserved 1048576K
}
Event: 7.290 GC heap before
{Heap before GC invocations=12 (full 2):
 PSYoungGen      total 108544K, used 5798K [0x00000000e0000000, 0x00000000e8080000, 0x0000000100000000)
  eden space 100864K, 0% used [0x00000000e0000000,0x00000000e0000000,0x00000000e6280000)
  from space 7680K, 75% used [0x00000000e7900000,0x00000000e7ea98f8,0x00000000e8080000)
  to   space 10240K, 0% used [0x00000000e6c80000,0x00000000e6c80000,0x00000000e7680000)
 ParOldGen       total 47104K, used 11789K [0x00000000a0000000, 0x00000000a2e00000, 0x00000000e0000000)
  object space 47104K, 25% used [0x00000000a0000000,0x00000000a0b83648,0x00000000a2e00000)
 Metaspace       used 34718K, capacity 35462K, committed 35496K, reserved 1079296K
  class space    used 4787K, capacity 5004K, committed 5032K, reserved 1048576K
Event: 7.373 GC heap after
Heap after GC invocations=12 (full 2):
 PSYoungGen      total 108544K, used 0K [0x00000000e0000000, 0x00000000e8080000, 0x0000000100000000)
  eden space 100864K, 0% used [0x00000000e0000000,0x00000000e0000000,0x00000000e6280000)
  from space 7680K, 0% used [0x00000000e7900000,0x00000000e7900000,0x00000000e8080000)
  to   space 10240K, 0% used [0x00000000e6c80000,0x00000000e6c80000,0x00000000e7680000)
 ParOldGen       total 47104K, used 16068K [0x00000000a0000000, 0x00000000a2e00000, 0x00000000e0000000)
  object space 47104K, 34% used [0x00000000a0000000,0x00000000a0fb1388,0x00000000a2e00000)
 Metaspace       used 34701K, capacity 35408K, committed 35496K, reserved 1079296K
  class space    used 4782K, capacity 4995K, committed 5032K, reserved 1048576K
}
Event: 8.741 GC heap before
{Heap before GC invocations=13 (full 2):
 PSYoungGen      total 108544K, used 100864K [0x00000000e0000000, 0x00000000e8080000, 0x0000000100000000)
  eden space 100864K, 100% used [0x00000000e0000000,0x00000000e6280000,0x00000000e6280000)
  from space 7680K, 0% used [0x00000000e7900000,0x00000000e7900000,0x00000000e8080000)
  to   space 10240K, 0% used [0x00000000e6c80000,0x00000000e6c80000,0x00000000e7680000)
 ParOldGen       total 47104K, used 16068K [0x00000000a0000000, 0x00000000a2e00000, 0x00000000e0000000)
  object space 47104K, 34% used [0x00000000a0000000,0x00000000a0fb1388,0x00000000a2e00000)
 Metaspace       used 45152K, capacity 46180K, committed 46376K, reserved 1089536K
  class space    used 6059K, capacity 6340K, committed 6440K, reserved 1048576K
Event: 8.753 GC heap after
Heap after GC invocations=13 (full 2):
 PSYoungGen      total 111104K, used 10216K [0x00000000e0000000, 0x00000000e8080000, 0x0000000100000000)
  eden space 100864K, 0% used [0x00000000e0000000,0x00000000e0000000,0x00000000e6280000)
  from space 10240K, 99% used [0x00000000e6c80000,0x00000000e767a048,0x00000000e7680000)
  to   space 7680K, 0% used [0x00000000e7900000,0x00000000e7900000,0x00000000e8080000)
 ParOldGen       total 47104K, used 19444K [0x00000000a0000000, 0x00000000a2e00000, 0x00000000e0000000)
  object space 47104K, 41% used [0x00000000a0000000,0x00000000a12fd1d0,0x00000000a2e00000)
 Metaspace       used 45152K, capacity 46180K, committed 46376K, reserved 1089536K
  class space    used 6059K, capacity 6340K, committed 6440K, reserved 1048576K
}

