# JRE version: OpenJDK Runtime Environment (11.0.11+9) (build 11.0.11+9-b60-7590822)
# Java VM: OpenJDK 64-Bit Server VM (11.0.11+9-b60-7590822, mixed mode, tiered, compressed oops, g1 gc, windows-amd64)
Heap:
 garbage-first heap   total 114688K, used 70789K [0x00000000a0000000, 0x0000000100000000)
  region size 1024K, 33 young (33792K), 7 survivors (7168K)
 Metaspace       used 51963K, capacity 53208K, committed 53296K, reserved 1095680K
  class space    used 6582K, capacity 6975K, committed 7040K, reserved 1048576K
GC Heap History (18 events):
Event: 1.133 GC heap before
{Heap before GC invocations=0 (full 0):
 garbage-first heap   total 114688K, used 29696K [0x00000000a0000000, 0x0000000100000000)
  region size 1024K, 24 young (24576K), 0 survivors (0K)
 Metaspace       used 10796K, capacity 11076K, committed 11264K, reserved 1058816K
  class space    used 1140K, capacity 1200K, committed 1280K, reserved 1048576K
}
Event: 1.142 GC heap after
{Heap after GC invocations=1 (full 0):
 garbage-first heap   total 114688K, used 8841K [0x00000000a0000000, 0x0000000100000000)
  region size 1024K, 3 young (3072K), 3 survivors (3072K)
 Metaspace       used 10796K, capacity 11076K, committed 11264K, reserved 1058816K
  class space    used 1140K, capacity 1200K, committed 1280K, reserved 1048576K
}
Event: 4.351 GC heap before
{Heap before GC invocations=1 (full 0):
 garbage-first heap   total 114688K, used 73353K [0x00000000a0000000, 0x0000000100000000)
  region size 1024K, 67 young (68608K), 3 survivors (3072K)
 Metaspace       used 17767K, capacity 18269K, committed 18560K, reserved 1064960K
  class space    used 2134K, capacity 2305K, committed 2432K, reserved 1048576K
}
Event: 4.359 GC heap after
{Heap after GC invocations=2 (full 0):
 garbage-first heap   total 114688K, used 15707K [0x00000000a0000000, 0x0000000100000000)
  region size 1024K, 9 young (9216K), 9 survivors (9216K)
 Metaspace       used 17767K, capacity 18269K, committed 18560K, reserved 1064960K
  class space    used 2134K, capacity 2305K, committed 2432K, reserved 1048576K
}
Event: 4.691 GC heap before
{Heap before GC invocations=2 (full 0):
 garbage-first heap   total 114688K, used 32091K [0x00000000a0000000, 0x0000000100000000)
  region size 1024K, 27 young (27648K), 9 survivors (9216K)
 Metaspace       used 20703K, capacity 21148K, committed 21296K, reserved 1069056K
  class space    used 2485K, capacity 2604K, committed 2688K, reserved 1048576K
}
Event: 4.704 GC heap after
{Heap after GC invocations=3 (full 0):
 garbage-first heap   total 114688K, used 16710K [0x00000000a0000000, 0x0000000100000000)
  region size 1024K, 1 young (1024K), 1 survivors (1024K)
 Metaspace       used 20703K, capacity 21148K, committed 21296K, reserved 1069056K
  class space    used 2485K, capacity 2604K, committed 2688K, reserved 1048576K
}
Event: 6.115 GC heap before
{Heap before GC invocations=4 (full 0):
 garbage-first heap   total 114688K, used 65862K [0x00000000a0000000, 0x0000000100000000)
  region size 1024K, 41 young (41984K), 1 survivors (1024K)
 Metaspace       used 25908K, capacity 26638K, committed 26800K, reserved 1073152K
  class space    used 3296K, capacity 3535K, committed 3584K, reserved 1048576K
}
Event: 6.120 GC heap after
{Heap after GC invocations=5 (full 0):
 garbage-first heap   total 114688K, used 29387K [0x00000000a0000000, 0x0000000100000000)
  region size 1024K, 5 young (5120K), 5 survivors (5120K)
 Metaspace       used 25908K, capacity 26638K, committed 26800K, reserved 1073152K
  class space    used 3296K, capacity 3535K, committed 3584K, reserved 1048576K
}
Event: 7.314 GC heap before
{Heap before GC invocations=5 (full 0):
 garbage-first heap   total 114688K, used 68299K [0x00000000a0000000, 0x0000000100000000)
  region size 1024K, 44 young (45056K), 5 survivors (5120K)
 Metaspace       used 32931K, capacity 33618K, committed 33840K, reserved 1079296K
  class space    used 4178K, capacity 4412K, committed 4480K, reserved 1048576K
}
Event: 7.319 GC heap after
{Heap after GC invocations=6 (full 0):
 garbage-first heap   total 114688K, used 31734K [0x00000000a0000000, 0x0000000100000000)
  region size 1024K, 3 young (3072K), 3 survivors (3072K)
 Metaspace       used 32931K, capacity 33618K, committed 33840K, reserved 1079296K
  class space    used 4178K, capacity 4412K, committed 4480K, reserved 1048576K
}
Event: 7.609 GC heap before
{Heap before GC invocations=6 (full 0):
 garbage-first heap   total 114688K, used 45046K [0x00000000a0000000, 0x0000000100000000)
  region size 1024K, 15 young (15360K), 3 survivors (3072K)
 Metaspace       used 35012K, capacity 35736K, committed 35888K, reserved 1081344K
  class space    used 4388K, capacity 4626K, committed 4736K, reserved 1048576K
}
Event: 7.616 GC heap after
{Heap after GC invocations=7 (full 0):
 garbage-first heap   total 114688K, used 34702K [0x00000000a0000000, 0x0000000100000000)
  region size 1024K, 4 young (4096K), 4 survivors (4096K)
 Metaspace       used 35012K, capacity 35736K, committed 35888K, reserved 1081344K
  class space    used 4388K, capacity 4626K, committed 4736K, reserved 1048576K
}
Event: 8.770 GC heap before
{Heap before GC invocations=8 (full 0):
 garbage-first heap   total 114688K, used 73614K [0x00000000a0000000, 0x0000000100000000)
  region size 1024K, 43 young (44032K), 4 survivors (4096K)
 Metaspace       used 38389K, capacity 39289K, committed 39472K, reserved 1083392K
  class space    used 4871K, capacity 5170K, committed 5248K, reserved 1048576K
}
Event: 8.777 GC heap after
{Heap after GC invocations=9 (full 0):
 garbage-first heap   total 114688K, used 34820K [0x00000000a0000000, 0x0000000100000000)
  region size 1024K, 4 young (4096K), 4 survivors (4096K)
 Metaspace       used 38389K, capacity 39289K, committed 39472K, reserved 1083392K
  class space    used 4871K, capacity 5170K, committed 5248K, reserved 1048576K
}
Event: 10.040 GC heap before
{Heap before GC invocations=9 (full 0):
 garbage-first heap   total 114688K, used 77828K [0x00000000a0000000, 0x0000000100000000)
  region size 1024K, 46 young (47104K), 4 survivors (4096K)
 Metaspace       used 41751K, capacity 42647K, committed 42800K, reserved 1087488K
  class space    used 5352K, capacity 5650K, committed 5760K, reserved 1048576K
}
Event: 10.046 GC heap after
{Heap after GC invocations=10 (full 0):
 garbage-first heap   total 114688K, used 36145K [0x00000000a0000000, 0x0000000100000000)
  region size 1024K, 5 young (5120K), 5 survivors (5120K)
 Metaspace       used 41751K, capacity 42647K, committed 42800K, reserved 1087488K
  class space    used 5352K, capacity 5650K, committed 5760K, reserved 1048576K
}
Event: 11.160 GC heap before
{Heap before GC invocations=10 (full 0):
 garbage-first heap   total 114688K, used 82225K [0x00000000a0000000, 0x0000000100000000)
  region size 1024K, 49 young (50176K), 5 survivors (5120K)
 Metaspace       used 47362K, capacity 48543K, committed 48688K, reserved 1091584K
  class space    used 6041K, capacity 6418K, committed 6528K, reserved 1048576K
}
Event: 11.168 GC heap after
{Heap after GC invocations=11 (full 0):
 garbage-first heap   total 114688K, used 45189K [0x00000000a0000000, 0x0000000100000000)
  region size 1024K, 7 young (7168K), 7 survivors (7168K)
 Metaspace       used 47362K, capacity 48543K, committed 48688K, reserved 1091584K
  class space    used 6041K, capacity 6418K, committed 6528K, reserved 1048576K
}

