# JRE version: OpenJDK Runtime Environment (8.0_202-b03) (build 1.8.0_202-release-1483-b03)
# Java VM: OpenJDK 64-Bit Server VM (25.202-b03 mixed mode windows-amd64 compressed oops)
Heap:
 PSYoungGen      total 109568K, used 70994K [0x00000000e0000000, 0x00000000e8080000, 0x0000000100000000)
  eden space 101888K, 69% used [0x00000000e0000000,0x00000000e4554a28,0x00000000e6380000)
  from space 7680K, 0% used [0x00000000e7900000,0x00000000e7900000,0x00000000e8080000)
  to   space 10240K, 0% used [0x00000000e6c80000,0x00000000e6c80000,0x00000000e7680000)
 ParOldGen       total 47104K, used 15857K [0x00000000a0000000, 0x00000000a2e00000, 0x00000000e0000000)
  object space 47104K, 33% used [0x00000000a0000000,0x00000000a0f7c5c0,0x00000000a2e00000)
 Metaspace       used 42720K, capacity 43688K, committed 44032K, reserved 1087488K
  class space    used 5781K, capacity 6030K, committed 6144K, reserved 1048576K
GC Heap History (10 events):
Event: 5.279 GC heap before
{Heap before GC invocations=8 (full 1):
 PSYoungGen      total 67072K, used 4796K [0x00000000e0000000, 0x00000000e8300000, 0x0000000100000000)
  eden space 56832K, 0% used [0x00000000e0000000,0x00000000e0000000,0x00000000e3780000)
  from space 10240K, 46% used [0x00000000e3780000,0x00000000e3c2f0d8,0x00000000e4180000)
  to   space 10240K, 0% used [0x00000000e7900000,0x00000000e7900000,0x00000000e8300000)
 ParOldGen       total 76800K, used 10141K [0x00000000a0000000, 0x00000000a4b00000, 0x00000000e0000000)
  object space 76800K, 13% used [0x00000000a0000000,0x00000000a09e75f0,0x00000000a4b00000)
 Metaspace       used 20684K, capacity 21154K, committed 21296K, reserved 1067008K
  class space    used 2955K, capacity 3123K, committed 3200K, reserved 1048576K
Event: 5.314 GC heap after
Heap after GC invocations=8 (full 1):
 PSYoungGen      total 67072K, used 0K [0x00000000e0000000, 0x00000000e8300000, 0x0000000100000000)
  eden space 56832K, 0% used [0x00000000e0000000,0x00000000e0000000,0x00000000e3780000)
  from space 10240K, 0% used [0x00000000e3780000,0x00000000e3780000,0x00000000e4180000)
  to   space 10240K, 0% used [0x00000000e7900000,0x00000000e7900000,0x00000000e8300000)
 ParOldGen       total 47104K, used 8066K [0x00000000a0000000, 0x00000000a2e00000, 0x00000000e0000000)
  object space 47104K, 17% used [0x00000000a0000000,0x00000000a07e0b40,0x00000000a2e00000)
 Metaspace       used 20684K, capacity 21154K, committed 21296K, reserved 1067008K
  class space    used 2955K, capacity 3123K, committed 3200K, reserved 1048576K
}
Event: 6.154 GC heap before
{Heap before GC invocations=9 (full 1):
 PSYoungGen      total 67072K, used 56832K [0x00000000e0000000, 0x00000000e8300000, 0x0000000100000000)
  eden space 56832K, 100% used [0x00000000e0000000,0x00000000e3780000,0x00000000e3780000)
  from space 10240K, 0% used [0x00000000e3780000,0x00000000e3780000,0x00000000e4180000)
  to   space 10240K, 0% used [0x00000000e7900000,0x00000000e7900000,0x00000000e8300000)
 ParOldGen       total 47104K, used 8066K [0x00000000a0000000, 0x00000000a2e00000, 0x00000000e0000000)
  object space 47104K, 17% used [0x00000000a0000000,0x00000000a07e0b40,0x00000000a2e00000)
 Metaspace       used 27960K, capacity 28480K, committed 28672K, reserved 1073152K
  class space    used 3823K, capacity 3999K, committed 4096K, reserved 1048576K
Event: 6.164 GC heap after
Heap after GC invocations=9 (full 1):
 PSYoungGen      total 109568K, used 7463K [0x00000000e0000000, 0x00000000e8080000, 0x0000000100000000)
  eden space 101888K, 0% used [0x00000000e0000000,0x00000000e0000000,0x00000000e6380000)
  from space 7680K, 97% used [0x00000000e7900000,0x00000000e8049f20,0x00000000e8080000)
  to   space 10240K, 0% used [0x00000000e6c80000,0x00000000e6c80000,0x00000000e7680000)
 ParOldGen       total 47104K, used 8074K [0x00000000a0000000, 0x00000000a2e00000, 0x00000000e0000000)
  object space 47104K, 17% used [0x00000000a0000000,0x00000000a07e2b40,0x00000000a2e00000)
 Metaspace       used 27960K, capacity 28480K, committed 28672K, reserved 1073152K
  class space    used 3823K, capacity 3999K, committed 4096K, reserved 1048576K
}
Event: 7.471 GC heap before
{Heap before GC invocations=10 (full 1):
 PSYoungGen      total 109568K, used 109351K [0x00000000e0000000, 0x00000000e8080000, 0x0000000100000000)
  eden space 101888K, 100% used [0x00000000e0000000,0x00000000e6380000,0x00000000e6380000)
  from space 7680K, 97% used [0x00000000e7900000,0x00000000e8049f20,0x00000000e8080000)
  to   space 10240K, 0% used [0x00000000e6c80000,0x00000000e6c80000,0x00000000e7680000)
 ParOldGen       total 47104K, used 8074K [0x00000000a0000000, 0x00000000a2e00000, 0x00000000e0000000)
  object space 47104K, 17% used [0x00000000a0000000,0x00000000a07e2b40,0x00000000a2e00000)
 Metaspace       used 33869K, capacity 34528K, committed 34944K, reserved 1079296K
  class space    used 4664K, capacity 4873K, committed 4992K, reserved 1048576K
Event: 7.491 GC heap after
Heap after GC invocations=10 (full 1):
 PSYoungGen      total 112128K, used 10239K [0x00000000e0000000, 0x00000000e8080000, 0x0000000100000000)
  eden space 101888K, 0% used [0x00000000e0000000,0x00000000e0000000,0x00000000e6380000)
  from space 10240K, 99% used [0x00000000e6c80000,0x00000000e767fc10,0x00000000e7680000)
  to   space 7680K, 0% used [0x00000000e7900000,0x00000000e7900000,0x00000000e8080000)
 ParOldGen       total 47104K, used 8930K [0x00000000a0000000, 0x00000000a2e00000, 0x00000000e0000000)
  object space 47104K, 18% used [0x00000000a0000000,0x00000000a08b8ac8,0x00000000a2e00000)
 Metaspace       used 33869K, capacity 34528K, committed 34944K, reserved 1079296K
  class space    used 4664K, capacity 4873K, committed 4992K, reserved 1048576K
}
Event: 7.920 GC heap before
{Heap before GC invocations=11 (full 1):
 PSYoungGen      total 112128K, used 34639K [0x00000000e0000000, 0x00000000e8080000, 0x0000000100000000)
  eden space 101888K, 23% used [0x00000000e0000000,0x00000000e17d4280,0x00000000e6380000)
  from space 10240K, 99% used [0x00000000e6c80000,0x00000000e767fc10,0x00000000e7680000)
  to   space 7680K, 0% used [0x00000000e7900000,0x00000000e7900000,0x00000000e8080000)
 ParOldGen       total 47104K, used 8930K [0x00000000a0000000, 0x00000000a2e00000, 0x00000000e0000000)
  object space 47104K, 18% used [0x00000000a0000000,0x00000000a08b8ac8,0x00000000a2e00000)
 Metaspace       used 34639K, capacity 35386K, committed 35456K, reserved 1079296K
  class space    used 4777K, capacity 4969K, committed 4992K, reserved 1048576K
Event: 7.931 GC heap after
Heap after GC invocations=11 (full 1):
 PSYoungGen      total 109568K, used 5538K [0x00000000e0000000, 0x00000000e8080000, 0x0000000100000000)
  eden space 101888K, 0% used [0x00000000e0000000,0x00000000e0000000,0x00000000e6380000)
  from space 7680K, 72% used [0x00000000e7900000,0x00000000e7e689b0,0x00000000e8080000)
  to   space 10240K, 0% used [0x00000000e6c80000,0x00000000e6c80000,0x00000000e7680000)
 ParOldGen       total 47104K, used 11998K [0x00000000a0000000, 0x00000000a2e00000, 0x00000000e0000000)
  object space 47104K, 25% used [0x00000000a0000000,0x00000000a0bb7ae8,0x00000000a2e00000)
 Metaspace       used 34639K, capacity 35386K, committed 35456K, reserved 1079296K
  class space    used 4777K, capacity 4969K, committed 4992K, reserved 1048576K
}
Event: 7.931 GC heap before
{Heap before GC invocations=12 (full 2):
 PSYoungGen      total 109568K, used 5538K [0x00000000e0000000, 0x00000000e8080000, 0x0000000100000000)
  eden space 101888K, 0% used [0x00000000e0000000,0x00000000e0000000,0x00000000e6380000)
  from space 7680K, 72% used [0x00000000e7900000,0x00000000e7e689b0,0x00000000e8080000)
  to   space 10240K, 0% used [0x00000000e6c80000,0x00000000e6c80000,0x00000000e7680000)
 ParOldGen       total 47104K, used 11998K [0x00000000a0000000, 0x00000000a2e00000, 0x00000000e0000000)
  object space 47104K, 25% used [0x00000000a0000000,0x00000000a0bb7ae8,0x00000000a2e00000)
 Metaspace       used 34639K, capacity 35386K, committed 35456K, reserved 1079296K
  class space    used 4777K, capacity 4969K, committed 4992K, reserved 1048576K
Event: 8.015 GC heap after
Heap after GC invocations=12 (full 2):
 PSYoungGen      total 109568K, used 0K [0x00000000e0000000, 0x00000000e8080000, 0x0000000100000000)
  eden space 101888K, 0% used [0x00000000e0000000,0x00000000e0000000,0x00000000e6380000)
  from space 7680K, 0% used [0x00000000e7900000,0x00000000e7900000,0x00000000e8080000)
  to   space 10240K, 0% used [0x00000000e6c80000,0x00000000e6c80000,0x00000000e7680000)
 ParOldGen       total 47104K, used 15857K [0x00000000a0000000, 0x00000000a2e00000, 0x00000000e0000000)
  object space 47104K, 33% used [0x00000000a0000000,0x00000000a0f7c5c0,0x00000000a2e00000)
 Metaspace       used 34616K, capacity 35308K, committed 35456K, reserved 1079296K
  class space    used 4770K, capacity 4956K, committed 4992K, reserved 1048576K
}

