# JRE version: OpenJDK Runtime Environment (8.0_202-b03) (build 1.8.0_202-release-1483-b03)
# Java VM: OpenJDK 64-Bit Server VM (25.202-b03 mixed mode windows-amd64 compressed oops)
Heap:
 PSYoungGen      total 192512K, used 97907K [0x00000000e0000000, 0x00000000ef300000, 0x0000000100000000)
  eden space 176128K, 46% used [0x00000000e0000000,0x00000000e4fa0590,0x00000000eac00000)
  from space 16384K, 99% used [0x00000000eac00000,0x00000000ebbfc6b8,0x00000000ebc00000)
  to   space 19456K, 0% used [0x00000000ee000000,0x00000000ee000000,0x00000000ef300000)
 ParOldGen       total 119296K, used 38153K [0x00000000a0000000, 0x00000000a7480000, 0x00000000e0000000)
  object space 119296K, 31% used [0x00000000a0000000,0x00000000a2542660,0x00000000a7480000)
 Metaspace       used 62306K, capacity 64694K, committed 64728K, reserved 1105920K
  class space    used 8405K, capacity 8940K, committed 8960K, reserved 1048576K
GC Heap History (10 events):
Event: 6.451 GC heap before
{Heap before GC invocations=12 (full 2):
 PSYoungGen      total 148992K, used 5824K [0x00000000e0000000, 0x00000000eb080000, 0x0000000100000000)
  eden space 137216K, 0% used [0x00000000e0000000,0x00000000e0000000,0x00000000e8600000)
  from space 11776K, 49% used [0x00000000e9100000,0x00000000e96b0298,0x00000000e9c80000)
  to   space 11264K, 0% used [0x00000000e8600000,0x00000000e8600000,0x00000000e9100000)
 ParOldGen       total 51200K, used 14205K [0x00000000a0000000, 0x00000000a3200000, 0x00000000e0000000)
  object space 51200K, 27% used [0x00000000a0000000,0x00000000a0ddf470,0x00000000a3200000)
 Metaspace       used 34626K, capacity 35388K, committed 35456K, reserved 1079296K
  class space    used 4778K, capacity 4970K, committed 4992K, reserved 1048576K
Event: 6.528 GC heap after
Heap after GC invocations=12 (full 2):
 PSYoungGen      total 148992K, used 0K [0x00000000e0000000, 0x00000000eb080000, 0x0000000100000000)
  eden space 137216K, 0% used [0x00000000e0000000,0x00000000e0000000,0x00000000e8600000)
  from space 11776K, 0% used [0x00000000e9100000,0x00000000e9100000,0x00000000e9c80000)
  to   space 11264K, 0% used [0x00000000e8600000,0x00000000e8600000,0x00000000e9100000)
 ParOldGen       total 74752K, used 16064K [0x00000000a0000000, 0x00000000a4900000, 0x00000000e0000000)
  object space 74752K, 21% used [0x00000000a0000000,0x00000000a0fb0398,0x00000000a4900000)
 Metaspace       used 34601K, capacity 35304K, committed 35456K, reserved 1079296K
  class space    used 4770K, capacity 4956K, committed 4992K, reserved 1048576K
}
Event: 8.415 GC heap before
{Heap before GC invocations=13 (full 2):
 PSYoungGen      total 148992K, used 137216K [0x00000000e0000000, 0x00000000eb080000, 0x0000000100000000)
  eden space 137216K, 100% used [0x00000000e0000000,0x00000000e8600000,0x00000000e8600000)
  from space 11776K, 0% used [0x00000000e9100000,0x00000000e9100000,0x00000000e9c80000)
  to   space 11264K, 0% used [0x00000000e8600000,0x00000000e8600000,0x00000000e9100000)
 ParOldGen       total 74752K, used 16064K [0x00000000a0000000, 0x00000000a4900000, 0x00000000e0000000)
  object space 74752K, 21% used [0x00000000a0000000,0x00000000a0fb0398,0x00000000a4900000)
 Metaspace       used 48278K, capacity 49652K, committed 49920K, reserved 1091584K
  class space    used 6520K, capacity 6849K, committed 6912K, reserved 1048576K
Event: 8.437 GC heap after
Heap after GC invocations=13 (full 2):
 PSYoungGen      total 148480K, used 11243K [0x00000000e0000000, 0x00000000ecb00000, 0x0000000100000000)
  eden space 137216K, 0% used [0x00000000e0000000,0x00000000e0000000,0x00000000e8600000)
  from space 11264K, 99% used [0x00000000e8600000,0x00000000e90fac30,0x00000000e9100000)
  to   space 15360K, 0% used [0x00000000ebc00000,0x00000000ebc00000,0x00000000ecb00000)
 ParOldGen       total 74752K, used 22773K [0x00000000a0000000, 0x00000000a4900000, 0x00000000e0000000)
  object space 74752K, 30% used [0x00000000a0000000,0x00000000a163d768,0x00000000a4900000)
 Metaspace       used 48278K, capacity 49652K, committed 49920K, reserved 1091584K
  class space    used 6520K, capacity 6849K, committed 6912K, reserved 1048576K
}
Event: 10.037 GC heap before
{Heap before GC invocations=14 (full 2):
 PSYoungGen      total 148480K, used 133990K [0x00000000e0000000, 0x00000000ecb00000, 0x0000000100000000)
  eden space 137216K, 89% used [0x00000000e0000000,0x00000000e77debf0,0x00000000e8600000)
  from space 11264K, 99% used [0x00000000e8600000,0x00000000e90fac30,0x00000000e9100000)
  to   space 15360K, 0% used [0x00000000ebc00000,0x00000000ebc00000,0x00000000ecb00000)
 ParOldGen       total 74752K, used 22773K [0x00000000a0000000, 0x00000000a4900000, 0x00000000e0000000)
  object space 74752K, 30% used [0x00000000a0000000,0x00000000a163d768,0x00000000a4900000)
 Metaspace       used 57399K, capacity 59032K, committed 59096K, reserved 1099776K
  class space    used 7792K, capacity 8191K, committed 8192K, reserved 1048576K
Event: 10.065 GC heap after
Heap after GC invocations=14 (full 2):
 PSYoungGen      total 191488K, used 12815K [0x00000000e0000000, 0x00000000ecc80000, 0x0000000100000000)
  eden space 176128K, 0% used [0x00000000e0000000,0x00000000e0000000,0x00000000eac00000)
  from space 15360K, 83% used [0x00000000ebc00000,0x00000000ec883f50,0x00000000ecb00000)
  to   space 16384K, 0% used [0x00000000eac00000,0x00000000eac00000,0x00000000ebc00000)
 ParOldGen       total 74752K, used 31356K [0x00000000a0000000, 0x00000000a4900000, 0x00000000e0000000)
  object space 74752K, 41% used [0x00000000a0000000,0x00000000a1e9f010,0x00000000a4900000)
 Metaspace       used 57399K, capacity 59032K, committed 59096K, reserved 1099776K
  class space    used 7792K, capacity 8191K, committed 8192K, reserved 1048576K
}
Event: 10.065 GC heap before
{Heap before GC invocations=15 (full 3):
 PSYoungGen      total 191488K, used 12815K [0x00000000e0000000, 0x00000000ecc80000, 0x0000000100000000)
  eden space 176128K, 0% used [0x00000000e0000000,0x00000000e0000000,0x00000000eac00000)
  from space 15360K, 83% used [0x00000000ebc00000,0x00000000ec883f50,0x00000000ecb00000)
  to   space 16384K, 0% used [0x00000000eac00000,0x00000000eac00000,0x00000000ebc00000)
 ParOldGen       total 74752K, used 31356K [0x00000000a0000000, 0x00000000a4900000, 0x00000000e0000000)
  object space 74752K, 41% used [0x00000000a0000000,0x00000000a1e9f010,0x00000000a4900000)
 Metaspace       used 57399K, capacity 59032K, committed 59096K, reserved 1099776K
  class space    used 7792K, capacity 8191K, committed 8192K, reserved 1048576K
Event: 10.290 GC heap after
Heap after GC invocations=15 (full 3):
 PSYoungGen      total 191488K, used 0K [0x00000000e0000000, 0x00000000ecc80000, 0x0000000100000000)
  eden space 176128K, 0% used [0x00000000e0000000,0x00000000e0000000,0x00000000eac00000)
  from space 15360K, 0% used [0x00000000ebc00000,0x00000000ebc00000,0x00000000ecb00000)
  to   space 16384K, 0% used [0x00000000eac00000,0x00000000eac00000,0x00000000ebc00000)
 ParOldGen       total 119296K, used 35480K [0x00000000a0000000, 0x00000000a7480000, 0x00000000e0000000)
  object space 119296K, 29% used [0x00000000a0000000,0x00000000a22a60f8,0x00000000a7480000)
 Metaspace       used 57399K, capacity 59032K, committed 59096K, reserved 1099776K
  class space    used 7792K, capacity 8191K, committed 8192K, reserved 1048576K
}
Event: 12.866 GC heap before
{Heap before GC invocations=16 (full 3):
 PSYoungGen      total 191488K, used 176128K [0x00000000e0000000, 0x00000000ecc80000, 0x0000000100000000)
  eden space 176128K, 100% used [0x00000000e0000000,0x00000000eac00000,0x00000000eac00000)
  from space 15360K, 0% used [0x00000000ebc00000,0x00000000ebc00000,0x00000000ecb00000)
  to   space 16384K, 0% used [0x00000000eac00000,0x00000000eac00000,0x00000000ebc00000)
 ParOldGen       total 119296K, used 35480K [0x00000000a0000000, 0x00000000a7480000, 0x00000000e0000000)
  object space 119296K, 29% used [0x00000000a0000000,0x00000000a22a60f8,0x00000000a7480000)
 Metaspace       used 61190K, capacity 63536K, committed 63832K, reserved 1103872K
  class space    used 8290K, capacity 8751K, committed 8832K, reserved 1048576K
Event: 12.884 GC heap after
Heap after GC invocations=16 (full 3):
 PSYoungGen      total 192512K, used 16369K [0x00000000e0000000, 0x00000000ef300000, 0x0000000100000000)
  eden space 176128K, 0% used [0x00000000e0000000,0x00000000e0000000,0x00000000eac00000)
  from space 16384K, 99% used [0x00000000eac00000,0x00000000ebbfc6b8,0x00000000ebc00000)
  to   space 19456K, 0% used [0x00000000ee000000,0x00000000ee000000,0x00000000ef300000)
 ParOldGen       total 119296K, used 38153K [0x00000000a0000000, 0x00000000a7480000, 0x00000000e0000000)
  object space 119296K, 31% used [0x00000000a0000000,0x00000000a2542660,0x00000000a7480000)
 Metaspace       used 61190K, capacity 63536K, committed 63832K, reserved 1103872K
  class space    used 8290K, capacity 8751K, committed 8832K, reserved 1048576K
}

